initial state:
1 | B 
2 | C E 
3 | A D 

it= 0 , queue= 1 , depth=  0
it= 1 , queue= 7 , depth=  1
it= 2 , queue= 9 , depth=  1
it= 3 , queue= 11 , depth=  1
it= 4 , queue= 15 , depth=  1
it= 5 , queue= 19 , depth=  1
it= 6 , queue= 23 , depth=  1
it= 7 , queue= 27 , depth=  2
it= 8 , queue= 31 , depth=  2
it= 9 , queue= 33 , depth=  2
it= 10 , queue= 37 , depth=  2
it= 11 , queue= 39 , depth=  2
it= 12 , queue= 41 , depth=  2
it= 13 , queue= 43 , depth=  2
it= 14 , queue= 47 , depth=  2
it= 15 , queue= 51 , depth=  2
it= 16 , queue= 52 , depth=  2
it= 17 , queue= 54 , depth=  2
it= 18 , queue= 56 , depth=  2
it= 19 , queue= 58 , depth=  2
it= 20 , queue= 62 , depth=  2
it= 21 , queue= 65 , depth=  2
it= 22 , queue= 67 , depth=  2
it= 23 , queue= 69 , depth=  2
it= 24 , queue= 71 , depth=  2
it= 25 , queue= 72 , depth=  2
it= 26 , queue= 74 , depth=  2
it= 27 , queue= 76 , depth=  3
it= 28 , queue= 80 , depth=  3
it= 29 , queue= 82 , depth=  3
it= 30 , queue= 84 , depth=  3
it= 31 , queue= 86 , depth=  3
it= 32 , queue= 88 , depth=  3
it= 33 , queue= 88 , depth=  3
it= 34 , queue= 90 , depth=  3
it= 35 , queue= 92 , depth=  3
it= 36 , queue= 96 , depth=  3
it= 37 , queue= 98 , depth=  3
it= 38 , queue= 100 , depth=  3
it= 39 , queue= 100 , depth=  3
it= 40 , queue= 102 , depth=  3
it= 41 , queue= 106 , depth=  3
it= 42 , queue= 109 , depth=  3
it= 43 , queue= 111 , depth=  3
it= 44 , queue= 113 , depth=  3
it= 45 , queue= 114 , depth=  3
it= 46 , queue= 116 , depth=  3
it= 47 , queue= 118 , depth=  3
it= 48 , queue= 122 , depth=  3
it= 49 , queue= 124 , depth=  3
it= 50 , queue= 126 , depth=  3
it= 51 , queue= 128 , depth=  3
it= 52 , queue= 130 , depth=  3
it= 53 , queue= 132 , depth=  3
it= 54 , queue= 132 , depth=  3
it= 55 , queue= 134 , depth=  3
it= 56 , queue= 136 , depth=  3
it= 57 , queue= 137 , depth=  3
it= 58 , queue= 137 , depth=  3
it= 59 , queue= 139 , depth=  3
it= 60 , queue= 141 , depth=  3
it= 61 , queue= 143 , depth=  3
it= 62 , queue= 145 , depth=  3
it= 63 , queue= 149 , depth=  3
it= 64 , queue= 151 , depth=  3
it= 65 , queue= 153 , depth=  3
it= 66 , queue= 155 , depth=  3
it= 67 , queue= 158 , depth=  3
it= 68 , queue= 160 , depth=  3
it= 69 , queue= 163 , depth=  3
it= 70 , queue= 165 , depth=  3
it= 71 , queue= 165 , depth=  3
it= 72 , queue= 167 , depth=  3
it= 73 , queue= 169 , depth=  3
it= 74 , queue= 171 , depth=  3
it= 75 , queue= 171 , depth=  3
it= 76 , queue= 172 , depth=  4
it= 77 , queue= 176 , depth=  4
it= 78 , queue= 180 , depth=  4
it= 79 , queue= 182 , depth=  4
it= 80 , queue= 184 , depth=  4
it= 81 , queue= 188 , depth=  4
it= 82 , queue= 192 , depth=  4
it= 83 , queue= 194 , depth=  4
it= 84 , queue= 197 , depth=  4
it= 85 , queue= 197 , depth=  4
it= 86 , queue= 198 , depth=  4
it= 87 , queue= 200 , depth=  4
it= 88 , queue= 202 , depth=  4
it= 89 , queue= 204 , depth=  4
it= 90 , queue= 208 , depth=  4
it= 91 , queue= 209 , depth=  4
it= 92 , queue= 209 , depth=  4
it= 93 , queue= 211 , depth=  4
it= 94 , queue= 212 , depth=  4
it= 95 , queue= 216 , depth=  4
it= 96 , queue= 220 , depth=  4
it= 97 , queue= 224 , depth=  4
it= 98 , queue= 228 , depth=  4
it= 99 , queue= 230 , depth=  4
it= 100 , queue= 232 , depth=  4
it= 101 , queue= 232 , depth=  4
it= 102 , queue= 234 , depth=  4
it= 103 , queue= 238 , depth=  4
it= 104 , queue= 240 , depth=  4
it= 105 , queue= 242 , depth=  4
it= 106 , queue= 244 , depth=  4
it= 107 , queue= 245 , depth=  4
it= 108 , queue= 246 , depth=  4
it= 109 , queue= 249 , depth=  4
it= 110 , queue= 250 , depth=  4
it= 111 , queue= 250 , depth=  4
it= 112 , queue= 250 , depth=  4
it= 113 , queue= 252 , depth=  4
it= 114 , queue= 254 , depth=  4
it= 115 , queue= 254 , depth=  4
it= 116 , queue= 255 , depth=  4
it= 117 , queue= 257 , depth=  4
it= 118 , queue= 260 , depth=  4
it= 119 , queue= 262 , depth=  4
it= 120 , queue= 262 , depth=  4
it= 121 , queue= 264 , depth=  4
it= 122 , queue= 266 , depth=  4
it= 123 , queue= 267 , depth=  4
it= 124 , queue= 268 , depth=  4
it= 125 , queue= 270 , depth=  4
it= 126 , queue= 272 , depth=  4
it= 127 , queue= 274 , depth=  4
it= 128 , queue= 277 , depth=  4
it= 129 , queue= 279 , depth=  4
it= 130 , queue= 281 , depth=  4
it= 131 , queue= 282 , depth=  4
it= 132 , queue= 283 , depth=  4
it= 133 , queue= 285 , depth=  4
it= 134 , queue= 289 , depth=  4
it= 135 , queue= 293 , depth=  4
it= 136 , queue= 297 , depth=  4
it= 137 , queue= 298 , depth=  4
it= 138 , queue= 298 , depth=  4
it= 139 , queue= 300 , depth=  4
it= 140 , queue= 300 , depth=  4
it= 141 , queue= 301 , depth=  4
it= 142 , queue= 301 , depth=  4
it= 143 , queue= 302 , depth=  4
it= 144 , queue= 303 , depth=  4
it= 145 , queue= 304 , depth=  4
it= 146 , queue= 304 , depth=  4
it= 147 , queue= 306 , depth=  4
it= 148 , queue= 306 , depth=  4
it= 149 , queue= 308 , depth=  4
it= 150 , queue= 310 , depth=  4
it= 151 , queue= 312 , depth=  4
it= 152 , queue= 314 , depth=  4
it= 153 , queue= 316 , depth=  4
it= 154 , queue= 316 , depth=  4
it= 155 , queue= 318 , depth=  4
it= 156 , queue= 321 , depth=  4
it= 157 , queue= 323 , depth=  4
it= 158 , queue= 325 , depth=  4
it= 159 , queue= 325 , depth=  4
it= 160 , queue= 326 , depth=  4
it= 161 , queue= 327 , depth=  4
it= 162 , queue= 328 , depth=  4
it= 163 , queue= 330 , depth=  4
it= 164 , queue= 331 , depth=  4
it= 165 , queue= 332 , depth=  4
it= 166 , queue= 334 , depth=  4
it= 167 , queue= 336 , depth=  4
it= 168 , queue= 338 , depth=  4
it= 169 , queue= 341 , depth=  4
it= 170 , queue= 344 , depth=  4
it= 171 , queue= 347 , depth=  4
it= 172 , queue= 348 , depth=  5
it= 173 , queue= 350 , depth=  5
it= 174 , queue= 352 , depth=  5
it= 175 , queue= 354 , depth=  5
it= 176 , queue= 356 , depth=  5
it= 177 , queue= 356 , depth=  5
it= 178 , queue= 358 , depth=  5
it= 179 , queue= 360 , depth=  5
it= 180 , queue= 362 , depth=  5
it= 181 , queue= 364 , depth=  5
it= 182 , queue= 367 , depth=  5
it= 183 , queue= 367 , depth=  5
it= 184 , queue= 367 , depth=  5
it= 185 , queue= 369 , depth=  5
it= 186 , queue= 371 , depth=  5
it= 187 , queue= 375 , depth=  5
it= 188 , queue= 377 , depth=  5
it= 189 , queue= 377 , depth=  5
it= 190 , queue= 379 , depth=  5
it= 191 , queue= 381 , depth=  5
it= 192 , queue= 383 , depth=  5
it= 193 , queue= 385 , depth=  5
it= 194 , queue= 389 , depth=  5
it= 195 , queue= 391 , depth=  5
it= 196 , queue= 395 , depth=  5
it= 197 , queue= 399 , depth=  5
it= 198 , queue= 399 , depth=  5
it= 199 , queue= 401 , depth=  5
it= 200 , queue= 403 , depth=  5
it= 201 , queue= 405 , depth=  5
it= 202 , queue= 407 , depth=  5
it= 203 , queue= 409 , depth=  5
it= 204 , queue= 413 , depth=  5
it= 205 , queue= 415 , depth=  5
it= 206 , queue= 415 , depth=  5
it= 207 , queue= 419 , depth=  5
it= 208 , queue= 423 , depth=  5
it= 209 , queue= 423 , depth=  5
it= 210 , queue= 425 , depth=  5
it= 211 , queue= 429 , depth=  5
it= 212 , queue= 429 , depth=  5
it= 213 , queue= 431 , depth=  5
it= 214 , queue= 432 , depth=  5
it= 215 , queue= 434 , depth=  5
it= 216 , queue= 436 , depth=  5
it= 217 , queue= 438 , depth=  5
it= 218 , queue= 438 , depth=  5
it= 219 , queue= 440 , depth=  5
it= 220 , queue= 442 , depth=  5
it= 221 , queue= 446 , depth=  5
it= 222 , queue= 448 , depth=  5
it= 223 , queue= 450 , depth=  5
it= 224 , queue= 452 , depth=  5
it= 225 , queue= 454 , depth=  5
it= 226 , queue= 454 , depth=  5
it= 227 , queue= 456 , depth=  5
it= 228 , queue= 458 , depth=  5
it= 229 , queue= 460 , depth=  5
it= 230 , queue= 462 , depth=  5
it= 231 , queue= 464 , depth=  5
it= 232 , queue= 466 , depth=  5
it= 233 , queue= 468 , depth=  5
it= 234 , queue= 471 , depth=  5
it= 235 , queue= 475 , depth=  5
it= 236 , queue= 477 , depth=  5
it= 237 , queue= 479 , depth=  5
it= 238 , queue= 481 , depth=  5
it= 239 , queue= 484 , depth=  5
it= 240 , queue= 486 , depth=  5
it= 241 , queue= 486 , depth=  5
it= 242 , queue= 486 , depth=  5
it= 243 , queue= 488 , depth=  5
it= 244 , queue= 491 , depth=  5
it= 245 , queue= 493 , depth=  5
it= 246 , queue= 493 , depth=  5
it= 247 , queue= 495 , depth=  5
it= 248 , queue= 497 , depth=  5
it= 249 , queue= 501 , depth=  5
it= 250 , queue= 502 , depth=  5
it= 251 , queue= 503 , depth=  5
it= 252 , queue= 504 , depth=  5
it= 253 , queue= 506 , depth=  5
it= 254 , queue= 508 , depth=  5
it= 255 , queue= 509 , depth=  5
it= 256 , queue= 511 , depth=  5
it= 257 , queue= 513 , depth=  5
it= 258 , queue= 515 , depth=  5
it= 259 , queue= 517 , depth=  5
it= 260 , queue= 518 , depth=  5
it= 261 , queue= 520 , depth=  5
it= 262 , queue= 520 , depth=  5
it= 263 , queue= 520 , depth=  5
it= 264 , queue= 520 , depth=  5
it= 265 , queue= 520 , depth=  5
it= 266 , queue= 521 , depth=  5
it= 267 , queue= 523 , depth=  5
it= 268 , queue= 525 , depth=  5
it= 269 , queue= 525 , depth=  5
it= 270 , queue= 526 , depth=  5
it= 271 , queue= 527 , depth=  5
it= 272 , queue= 528 , depth=  5
it= 273 , queue= 528 , depth=  5
it= 274 , queue= 529 , depth=  5
it= 275 , queue= 530 , depth=  5
it= 276 , queue= 532 , depth=  5
it= 277 , queue= 534 , depth=  5
it= 278 , queue= 534 , depth=  5
it= 279 , queue= 536 , depth=  5
it= 280 , queue= 538 , depth=  5
it= 281 , queue= 538 , depth=  5
it= 282 , queue= 540 , depth=  5
it= 283 , queue= 542 , depth=  5
it= 284 , queue= 542 , depth=  5
it= 285 , queue= 544 , depth=  5
it= 286 , queue= 546 , depth=  5
it= 287 , queue= 546 , depth=  5
it= 288 , queue= 548 , depth=  5
it= 289 , queue= 550 , depth=  5
it= 290 , queue= 552 , depth=  5
it= 291 , queue= 552 , depth=  5
it= 292 , queue= 554 , depth=  5
it= 293 , queue= 556 , depth=  5
it= 294 , queue= 560 , depth=  5
it= 295 , queue= 562 , depth=  5
it= 296 , queue= 564 , depth=  5
it= 297 , queue= 566 , depth=  5
it= 298 , queue= 568 , depth=  5
it= 299 , queue= 570 , depth=  5
it= 300 , queue= 572 , depth=  5
it= 301 , queue= 574 , depth=  5
it= 302 , queue= 576 , depth=  5
it= 303 , queue= 578 , depth=  5
it= 304 , queue= 581 , depth=  5
it= 305 , queue= 583 , depth=  5
it= 306 , queue= 583 , depth=  5
it= 307 , queue= 584 , depth=  5
it= 308 , queue= 584 , depth=  5
it= 309 , queue= 584 , depth=  5
it= 310 , queue= 586 , depth=  5
it= 311 , queue= 588 , depth=  5
it= 312 , queue= 590 , depth=  5
it= 313 , queue= 592 , depth=  5
it= 314 , queue= 593 , depth=  5
it= 315 , queue= 594 , depth=  5
it= 316 , queue= 594 , depth=  5
it= 317 , queue= 594 , depth=  5
it= 318 , queue= 595 , depth=  5
it= 319 , queue= 599 , depth=  5
it= 320 , queue= 599 , depth=  5
it= 321 , queue= 601 , depth=  5
it= 322 , queue= 601 , depth=  5
it= 323 , queue= 601 , depth=  5
it= 324 , queue= 603 , depth=  5
it= 325 , queue= 605 , depth=  5
it= 326 , queue= 606 , depth=  5
it= 327 , queue= 606 , depth=  5
it= 328 , queue= 608 , depth=  5
it= 329 , queue= 610 , depth=  5
it= 330 , queue= 614 , depth=  5
it= 331 , queue= 616 , depth=  5
it= 332 , queue= 618 , depth=  5
it= 333 , queue= 618 , depth=  5
it= 334 , queue= 620 , depth=  5
it= 335 , queue= 622 , depth=  5
it= 336 , queue= 622 , depth=  5
it= 337 , queue= 622 , depth=  5
it= 338 , queue= 624 , depth=  5
it= 339 , queue= 626 , depth=  5
it= 340 , queue= 628 , depth=  5
it= 341 , queue= 630 , depth=  5
it= 342 , queue= 632 , depth=  5
it= 343 , queue= 634 , depth=  5
it= 344 , queue= 636 , depth=  5
it= 345 , queue= 640 , depth=  5
it= 346 , queue= 642 , depth=  5
it= 347 , queue= 644 , depth=  5
it= 348 , queue= 646 , depth=  6
it= 349 , queue= 646 , depth=  6
it= 350 , queue= 648 , depth=  6
it= 351 , queue= 651 , depth=  6
it= 352 , queue= 653 , depth=  6
it= 353 , queue= 653 , depth=  6
it= 354 , queue= 654 , depth=  6
it= 355 , queue= 656 , depth=  6
it= 356 , queue= 658 , depth=  6
it= 357 , queue= 660 , depth=  6
it= 358 , queue= 662 , depth=  6
it= 359 , queue= 664 , depth=  6
it= 360 , queue= 666 , depth=  6
it= 361 , queue= 667 , depth=  6
it= 362 , queue= 667 , depth=  6
it= 363 , queue= 667 , depth=  6
it= 364 , queue= 669 , depth=  6
it= 365 , queue= 673 , depth=  6
it= 366 , queue= 675 , depth=  6
it= 367 , queue= 677 , depth=  6
it= 368 , queue= 679 , depth=  6
it= 369 , queue= 683 , depth=  6
it= 370 , queue= 686 , depth=  6
it= 371 , queue= 688 , depth=  6
it= 372 , queue= 690 , depth=  6
it= 373 , queue= 691 , depth=  6
it= 374 , queue= 693 , depth=  6
it= 375 , queue= 695 , depth=  6
it= 376 , queue= 697 , depth=  6
it= 377 , queue= 699 , depth=  6
it= 378 , queue= 701 , depth=  6
it= 379 , queue= 701 , depth=  6
it= 380 , queue= 703 , depth=  6
it= 381 , queue= 705 , depth=  6
it= 382 , queue= 706 , depth=  6
it= 383 , queue= 706 , depth=  6
it= 384 , queue= 706 , depth=  6
it= 385 , queue= 708 , depth=  6
it= 386 , queue= 708 , depth=  6
it= 387 , queue= 711 , depth=  6
it= 388 , queue= 713 , depth=  6
it= 389 , queue= 715 , depth=  6
it= 390 , queue= 717 , depth=  6
it= 391 , queue= 721 , depth=  6
it= 392 , queue= 723 , depth=  6
it= 393 , queue= 725 , depth=  6
it= 394 , queue= 727 , depth=  6
it= 395 , queue= 727 , depth=  6
it= 396 , queue= 729 , depth=  6
it= 397 , queue= 733 , depth=  6
it= 398 , queue= 735 , depth=  6
it= 399 , queue= 737 , depth=  6
it= 400 , queue= 739 , depth=  6
it= 401 , queue= 743 , depth=  6
it= 402 , queue= 747 , depth=  6
it= 403 , queue= 751 , depth=  6
it= 404 , queue= 755 , depth=  6
it= 405 , queue= 759 , depth=  6
it= 406 , queue= 763 , depth=  6
it= 407 , queue= 767 , depth=  6
it= 408 , queue= 767 , depth=  6
it= 409 , queue= 769 , depth=  6
it= 410 , queue= 773 , depth=  6
it= 411 , queue= 775 , depth=  6
it= 412 , queue= 777 , depth=  6
it= 413 , queue= 779 , depth=  6
it= 414 , queue= 783 , depth=  6
it= 415 , queue= 787 , depth=  6
it= 416 , queue= 789 , depth=  6
it= 417 , queue= 789 , depth=  6
it= 418 , queue= 791 , depth=  6
it= 419 , queue= 793 , depth=  6
it= 420 , queue= 797 , depth=  6
it= 421 , queue= 800 , depth=  6
it= 422 , queue= 802 , depth=  6
it= 423 , queue= 804 , depth=  6
it= 424 , queue= 804 , depth=  6
it= 425 , queue= 806 , depth=  6
it= 426 , queue= 809 , depth=  6
it= 427 , queue= 810 , depth=  6
it= 428 , queue= 812 , depth=  6
it= 429 , queue= 814 , depth=  6
it= 430 , queue= 814 , depth=  6
it= 431 , queue= 816 , depth=  6
it= 432 , queue= 817 , depth=  6
it= 433 , queue= 817 , depth=  6
it= 434 , queue= 818 , depth=  6
it= 435 , queue= 820 , depth=  6
it= 436 , queue= 823 , depth=  6
it= 437 , queue= 825 , depth=  6
it= 438 , queue= 827 , depth=  6
it= 439 , queue= 829 , depth=  6
it= 440 , queue= 831 , depth=  6
it= 441 , queue= 831 , depth=  6
it= 442 , queue= 832 , depth=  6
it= 443 , queue= 834 , depth=  6
it= 444 , queue= 835 , depth=  6
it= 445 , queue= 837 , depth=  6
it= 446 , queue= 839 , depth=  6
it= 447 , queue= 840 , depth=  6
it= 448 , queue= 841 , depth=  6
it= 449 , queue= 843 , depth=  6
it= 450 , queue= 846 , depth=  6
it= 451 , queue= 848 , depth=  6
it= 452 , queue= 851 , depth=  6
it= 453 , queue= 853 , depth=  6
it= 454 , queue= 853 , depth=  6
it= 455 , queue= 855 , depth=  6
it= 456 , queue= 857 , depth=  6
it= 457 , queue= 857 , depth=  6
it= 458 , queue= 858 , depth=  6
it= 459 , queue= 860 , depth=  6
it= 460 , queue= 864 , depth=  6
it= 461 , queue= 868 , depth=  6
it= 462 , queue= 872 , depth=  6
it= 463 , queue= 876 , depth=  6
it= 464 , queue= 880 , depth=  6
it= 465 , queue= 884 , depth=  6
it= 466 , queue= 888 , depth=  6
it= 467 , queue= 890 , depth=  6
it= 468 , queue= 892 , depth=  6
it= 469 , queue= 894 , depth=  6
it= 470 , queue= 896 , depth=  6
it= 471 , queue= 896 , depth=  6
it= 472 , queue= 898 , depth=  6
it= 473 , queue= 898 , depth=  6
it= 474 , queue= 900 , depth=  6
it= 475 , queue= 902 , depth=  6
it= 476 , queue= 903 , depth=  6
it= 477 , queue= 904 , depth=  6
it= 478 , queue= 904 , depth=  6
it= 479 , queue= 904 , depth=  6
it= 480 , queue= 906 , depth=  6
it= 481 , queue= 909 , depth=  6
it= 482 , queue= 911 , depth=  6
it= 483 , queue= 912 , depth=  6
it= 484 , queue= 916 , depth=  6
it= 485 , queue= 917 , depth=  6
it= 486 , queue= 918 , depth=  6
it= 487 , queue= 920 , depth=  6
it= 488 , queue= 923 , depth=  6
it= 489 , queue= 926 , depth=  6
it= 490 , queue= 930 , depth=  6
it= 491 , queue= 932 , depth=  6
it= 492 , queue= 934 , depth=  6
it= 493 , queue= 936 , depth=  6
it= 494 , queue= 938 , depth=  6
it= 495 , queue= 940 , depth=  6
it= 496 , queue= 940 , depth=  6
it= 497 , queue= 942 , depth=  6
it= 498 , queue= 944 , depth=  6
it= 499 , queue= 945 , depth=  6
it= 500 , queue= 947 , depth=  6
it= 501 , queue= 949 , depth=  6
it= 502 , queue= 951 , depth=  6
it= 503 , queue= 953 , depth=  6
it= 504 , queue= 956 , depth=  6
it= 505 , queue= 956 , depth=  6
it= 506 , queue= 957 , depth=  6
it= 507 , queue= 958 , depth=  6
it= 508 , queue= 958 , depth=  6
it= 509 , queue= 960 , depth=  6
it= 510 , queue= 960 , depth=  6
it= 511 , queue= 960 , depth=  6
it= 512 , queue= 961 , depth=  6
it= 513 , queue= 962 , depth=  6
it= 514 , queue= 963 , depth=  6
it= 515 , queue= 963 , depth=  6
it= 516 , queue= 964 , depth=  6
it= 517 , queue= 965 , depth=  6
it= 518 , queue= 967 , depth=  6
it= 519 , queue= 968 , depth=  6
it= 520 , queue= 969 , depth=  6
it= 521 , queue= 969 , depth=  6
it= 522 , queue= 971 , depth=  6
it= 523 , queue= 971 , depth=  6
it= 524 , queue= 972 , depth=  6
it= 525 , queue= 972 , depth=  6
it= 526 , queue= 972 , depth=  6
it= 527 , queue= 972 , depth=  6
it= 528 , queue= 974 , depth=  6
it= 529 , queue= 974 , depth=  6
it= 530 , queue= 974 , depth=  6
it= 531 , queue= 975 , depth=  6
it= 532 , queue= 976 , depth=  6
it= 533 , queue= 976 , depth=  6
it= 534 , queue= 977 , depth=  6
it= 535 , queue= 977 , depth=  6
it= 536 , queue= 978 , depth=  6
it= 537 , queue= 978 , depth=  6
it= 538 , queue= 978 , depth=  6
it= 539 , queue= 980 , depth=  6
it= 540 , queue= 984 , depth=  6
it= 541 , queue= 988 , depth=  6
it= 542 , queue= 992 , depth=  6
it= 543 , queue= 994 , depth=  6
it= 544 , queue= 997 , depth=  6
it= 545 , queue= 999 , depth=  6
it= 546 , queue= 1001 , depth=  6
it= 547 , queue= 1001 , depth=  6
it= 548 , queue= 1001 , depth=  6
it= 549 , queue= 1001 , depth=  6
it= 550 , queue= 1002 , depth=  6
it= 551 , queue= 1002 , depth=  6
it= 552 , queue= 1004 , depth=  6
it= 553 , queue= 1004 , depth=  6
it= 554 , queue= 1005 , depth=  6
it= 555 , queue= 1007 , depth=  6
it= 556 , queue= 1010 , depth=  6
it= 557 , queue= 1012 , depth=  6
it= 558 , queue= 1012 , depth=  6
it= 559 , queue= 1014 , depth=  6
it= 560 , queue= 1016 , depth=  6
it= 561 , queue= 1017 , depth=  6
it= 562 , queue= 1018 , depth=  6
it= 563 , queue= 1020 , depth=  6
it= 564 , queue= 1022 , depth=  6
it= 565 , queue= 1024 , depth=  6
it= 566 , queue= 1027 , depth=  6
it= 567 , queue= 1029 , depth=  6
it= 568 , queue= 1031 , depth=  6
it= 569 , queue= 1032 , depth=  6
it= 570 , queue= 1033 , depth=  6
it= 571 , queue= 1035 , depth=  6
it= 572 , queue= 1036 , depth=  6
it= 573 , queue= 1036 , depth=  6
it= 574 , queue= 1036 , depth=  6
it= 575 , queue= 1036 , depth=  6
it= 576 , queue= 1037 , depth=  6
it= 577 , queue= 1037 , depth=  6
it= 578 , queue= 1038 , depth=  6
it= 579 , queue= 1039 , depth=  6
it= 580 , queue= 1041 , depth=  6
it= 581 , queue= 1045 , depth=  6
it= 582 , queue= 1045 , depth=  6
it= 583 , queue= 1045 , depth=  6
it= 584 , queue= 1045 , depth=  6
it= 585 , queue= 1045 , depth=  6
it= 586 , queue= 1045 , depth=  6
it= 587 , queue= 1045 , depth=  6
it= 588 , queue= 1045 , depth=  6
it= 589 , queue= 1046 , depth=  6
it= 590 , queue= 1047 , depth=  6
it= 591 , queue= 1048 , depth=  6
it= 592 , queue= 1049 , depth=  6
it= 593 , queue= 1049 , depth=  6
it= 594 , queue= 1049 , depth=  6
it= 595 , queue= 1050 , depth=  6
it= 596 , queue= 1050 , depth=  6
it= 597 , queue= 1052 , depth=  6
it= 598 , queue= 1052 , depth=  6
it= 599 , queue= 1054 , depth=  6
it= 600 , queue= 1056 , depth=  6
it= 601 , queue= 1058 , depth=  6
it= 602 , queue= 1060 , depth=  6
it= 603 , queue= 1063 , depth=  6
it= 604 , queue= 1065 , depth=  6
it= 605 , queue= 1067 , depth=  6
it= 606 , queue= 1069 , depth=  6
it= 607 , queue= 1071 , depth=  6
it= 608 , queue= 1073 , depth=  6
it= 609 , queue= 1075 , depth=  6
it= 610 , queue= 1077 , depth=  6
it= 611 , queue= 1077 , depth=  6
it= 612 , queue= 1079 , depth=  6
it= 613 , queue= 1079 , depth=  6
it= 614 , queue= 1081 , depth=  6
it= 615 , queue= 1083 , depth=  6
it= 616 , queue= 1086 , depth=  6
it= 617 , queue= 1089 , depth=  6
it= 618 , queue= 1093 , depth=  6
it= 619 , queue= 1093 , depth=  6
it= 620 , queue= 1093 , depth=  6
it= 621 , queue= 1093 , depth=  6
it= 622 , queue= 1093 , depth=  6
it= 623 , queue= 1094 , depth=  6
it= 624 , queue= 1095 , depth=  6
it= 625 , queue= 1097 , depth=  6
it= 626 , queue= 1099 , depth=  6
it= 627 , queue= 1099 , depth=  6
it= 628 , queue= 1099 , depth=  6
it= 629 , queue= 1099 , depth=  6
it= 630 , queue= 1099 , depth=  6
it= 631 , queue= 1099 , depth=  6
it= 632 , queue= 1100 , depth=  6
it= 633 , queue= 1100 , depth=  6
it= 634 , queue= 1101 , depth=  6
it= 635 , queue= 1101 , depth=  6
it= 636 , queue= 1102 , depth=  6
it= 637 , queue= 1102 , depth=  6
it= 638 , queue= 1104 , depth=  6
it= 639 , queue= 1104 , depth=  6
it= 640 , queue= 1106 , depth=  6
it= 641 , queue= 1108 , depth=  6
it= 642 , queue= 1109 , depth=  6
it= 643 , queue= 1111 , depth=  6
it= 644 , queue= 1113 , depth=  6
it= 645 , queue= 1115 , depth=  6
it= 646 , queue= 1117 , depth=  7
it= 647 , queue= 1119 , depth=  7
it= 648 , queue= 1121 , depth=  7
it= 649 , queue= 1121 , depth=  7
it= 650 , queue= 1122 , depth=  7
it= 651 , queue= 1124 , depth=  7
it= 652 , queue= 1125 , depth=  7
it= 653 , queue= 1125 , depth=  7
it= 654 , queue= 1127 , depth=  7
it= 655 , queue= 1127 , depth=  7
it= 656 , queue= 1127 , depth=  7
it= 657 , queue= 1128 , depth=  7
it= 658 , queue= 1128 , depth=  7
it= 659 , queue= 1129 , depth=  7
it= 660 , queue= 1130 , depth=  7
it= 661 , queue= 1130 , depth=  7
it= 662 , queue= 1130 , depth=  7
it= 663 , queue= 1130 , depth=  7
it= 664 , queue= 1132 , depth=  7
it= 665 , queue= 1134 , depth=  7
it= 666 , queue= 1136 , depth=  7
it= 667 , queue= 1136 , depth=  7
it= 668 , queue= 1136 , depth=  7
it= 669 , queue= 1137 , depth=  7
it= 670 , queue= 1137 , depth=  7
it= 671 , queue= 1139 , depth=  7
it= 672 , queue= 1139 , depth=  7
it= 673 , queue= 1141 , depth=  7
it= 674 , queue= 1141 , depth=  7
it= 675 , queue= 1141 , depth=  7
it= 676 , queue= 1143 , depth=  7
it= 677 , queue= 1145 , depth=  7
it= 678 , queue= 1145 , depth=  7
it= 679 , queue= 1147 , depth=  7
it= 680 , queue= 1149 , depth=  7
it= 681 , queue= 1149 , depth=  7
it= 682 , queue= 1151 , depth=  7
it= 683 , queue= 1153 , depth=  7
it= 684 , queue= 1153 , depth=  7
it= 685 , queue= 1154 , depth=  7
it= 686 , queue= 1154 , depth=  7
it= 687 , queue= 1155 , depth=  7
it= 688 , queue= 1155 , depth=  7
it= 689 , queue= 1155 , depth=  7
it= 690 , queue= 1157 , depth=  7
it= 691 , queue= 1157 , depth=  7
it= 692 , queue= 1157 , depth=  7
it= 693 , queue= 1158 , depth=  7
it= 694 , queue= 1158 , depth=  7
it= 695 , queue= 1158 , depth=  7
it= 696 , queue= 1160 , depth=  7
it= 697 , queue= 1162 , depth=  7
it= 698 , queue= 1163 , depth=  7
it= 699 , queue= 1164 , depth=  7
it= 700 , queue= 1165 , depth=  7
it= 701 , queue= 1166 , depth=  7
it= 702 , queue= 1168 , depth=  7
it= 703 , queue= 1170 , depth=  7
it= 704 , queue= 1172 , depth=  7
it= 705 , queue= 1174 , depth=  7
it= 706 , queue= 1174 , depth=  7
it= 707 , queue= 1177 , depth=  7
it= 708 , queue= 1179 , depth=  7
it= 709 , queue= 1181 , depth=  7
it= 710 , queue= 1183 , depth=  7
it= 711 , queue= 1185 , depth=  7
it= 712 , queue= 1185 , depth=  7
it= 713 , queue= 1185 , depth=  7
it= 714 , queue= 1187 , depth=  7
it= 715 , queue= 1188 , depth=  7
it= 716 , queue= 1188 , depth=  7
it= 717 , queue= 1190 , depth=  7
it= 718 , queue= 1190 , depth=  7
it= 719 , queue= 1192 , depth=  7
it= 720 , queue= 1194 , depth=  7
it= 721 , queue= 1196 , depth=  7
it= 722 , queue= 1196 , depth=  7
it= 723 , queue= 1198 , depth=  7
it= 724 , queue= 1201 , depth=  7
it= 725 , queue= 1203 , depth=  7
it= 726 , queue= 1203 , depth=  7
it= 727 , queue= 1204 , depth=  7
it= 728 , queue= 1204 , depth=  7
it= 729 , queue= 1205 , depth=  7
it= 730 , queue= 1205 , depth=  7
it= 731 , queue= 1207 , depth=  7
it= 732 , queue= 1209 , depth=  7
it= 733 , queue= 1211 , depth=  7
it= 734 , queue= 1213 , depth=  7
it= 735 , queue= 1215 , depth=  7
it= 736 , queue= 1218 , depth=  7
it= 737 , queue= 1220 , depth=  7
it= 738 , queue= 1220 , depth=  7
it= 739 , queue= 1222 , depth=  7
it= 740 , queue= 1223 , depth=  7
it= 741 , queue= 1225 , depth=  7
it= 742 , queue= 1227 , depth=  7
it= 743 , queue= 1229 , depth=  7
it= 744 , queue= 1231 , depth=  7
it= 745 , queue= 1233 , depth=  7
it= 746 , queue= 1235 , depth=  7
it= 747 , queue= 1235 , depth=  7
it= 748 , queue= 1235 , depth=  7
it= 749 , queue= 1237 , depth=  7
it= 750 , queue= 1239 , depth=  7
it= 751 , queue= 1241 , depth=  7
it= 752 , queue= 1243 , depth=  7
it= 753 , queue= 1245 , depth=  7
it= 754 , queue= 1247 , depth=  7
it= 755 , queue= 1247 , depth=  7
it= 756 , queue= 1247 , depth=  7
it= 757 , queue= 1249 , depth=  7
it= 758 , queue= 1251 , depth=  7
it= 759 , queue= 1253 , depth=  7
it= 760 , queue= 1255 , depth=  7
it= 761 , queue= 1257 , depth=  7
it= 762 , queue= 1261 , depth=  7
it= 763 , queue= 1262 , depth=  7
it= 764 , queue= 1262 , depth=  7
it= 765 , queue= 1264 , depth=  7
it= 766 , queue= 1266 , depth=  7
it= 767 , queue= 1268 , depth=  7
it= 768 , queue= 1270 , depth=  7
it= 769 , queue= 1273 , depth=  7
it= 770 , queue= 1275 , depth=  7
it= 771 , queue= 1275 , depth=  7
it= 772 , queue= 1277 , depth=  7
it= 773 , queue= 1279 , depth=  7
it= 774 , queue= 1279 , depth=  7
it= 775 , queue= 1279 , depth=  7
it= 776 , queue= 1279 , depth=  7
it= 777 , queue= 1279 , depth=  7
it= 778 , queue= 1281 , depth=  7
it= 779 , queue= 1284 , depth=  7
it= 780 , queue= 1286 , depth=  7
it= 781 , queue= 1286 , depth=  7
it= 782 , queue= 1288 , depth=  7
it= 783 , queue= 1290 , depth=  7
it= 784 , queue= 1292 , depth=  7
it= 785 , queue= 1292 , depth=  7
it= 786 , queue= 1294 , depth=  7
it= 787 , queue= 1296 , depth=  7
it= 788 , queue= 1296 , depth=  7
it= 789 , queue= 1298 , depth=  7
it= 790 , queue= 1298 , depth=  7
it= 791 , queue= 1299 , depth=  7
it= 792 , queue= 1301 , depth=  7
it= 793 , queue= 1304 , depth=  7
it= 794 , queue= 1306 , depth=  7
it= 795 , queue= 1306 , depth=  7
it= 796 , queue= 1308 , depth=  7
it= 797 , queue= 1310 , depth=  7
it= 798 , queue= 1311 , depth=  7
it= 799 , queue= 1311 , depth=  7
it= 800 , queue= 1311 , depth=  7
it= 801 , queue= 1313 , depth=  7
it= 802 , queue= 1315 , depth=  7
it= 803 , queue= 1317 , depth=  7
it= 804 , queue= 1320 , depth=  7
it= 805 , queue= 1322 , depth=  7
it= 806 , queue= 1325 , depth=  7
it= 807 , queue= 1327 , depth=  7
it= 808 , queue= 1329 , depth=  7
it= 809 , queue= 1331 , depth=  7
it= 810 , queue= 1332 , depth=  7
it= 811 , queue= 1332 , depth=  7
it= 812 , queue= 1332 , depth=  7
it= 813 , queue= 1333 , depth=  7
it= 814 , queue= 1335 , depth=  7
it= 815 , queue= 1336 , depth=  7
it= 816 , queue= 1337 , depth=  7
it= 817 , queue= 1337 , depth=  7
it= 818 , queue= 1338 , depth=  7
it= 819 , queue= 1338 , depth=  7
it= 820 , queue= 1339 , depth=  7
it= 821 , queue= 1340 , depth=  7
it= 822 , queue= 1340 , depth=  7
it= 823 , queue= 1341 , depth=  7
it= 824 , queue= 1342 , depth=  7
it= 825 , queue= 1343 , depth=  7
it= 826 , queue= 1343 , depth=  7
it= 827 , queue= 1343 , depth=  7
it= 828 , queue= 1343 , depth=  7
it= 829 , queue= 1344 , depth=  7
it= 830 , queue= 1345 , depth=  7
it= 831 , queue= 1346 , depth=  7
it= 832 , queue= 1346 , depth=  7
it= 833 , queue= 1346 , depth=  7
it= 834 , queue= 1348 , depth=  7
it= 835 , queue= 1348 , depth=  7
it= 836 , queue= 1348 , depth=  7
it= 837 , queue= 1349 , depth=  7
it= 838 , queue= 1349 , depth=  7
it= 839 , queue= 1349 , depth=  7
it= 840 , queue= 1351 , depth=  7
it= 841 , queue= 1351 , depth=  7
it= 842 , queue= 1351 , depth=  7
it= 843 , queue= 1352 , depth=  7
it= 844 , queue= 1354 , depth=  7
it= 845 , queue= 1355 , depth=  7
it= 846 , queue= 1357 , depth=  7
it= 847 , queue= 1357 , depth=  7
it= 848 , queue= 1357 , depth=  7
it= 849 , queue= 1357 , depth=  7
it= 850 , queue= 1357 , depth=  7
it= 851 , queue= 1357 , depth=  7
it= 852 , queue= 1357 , depth=  7
it= 853 , queue= 1357 , depth=  7
it= 854 , queue= 1359 , depth=  7
it= 855 , queue= 1361 , depth=  7
it= 856 , queue= 1363 , depth=  7
it= 857 , queue= 1365 , depth=  7
it= 858 , queue= 1365 , depth=  7
it= 859 , queue= 1365 , depth=  7
it= 860 , queue= 1367 , depth=  7
it= 861 , queue= 1369 , depth=  7
it= 862 , queue= 1369 , depth=  7
it= 863 , queue= 1371 , depth=  7
it= 864 , queue= 1373 , depth=  7
it= 865 , queue= 1375 , depth=  7
it= 866 , queue= 1375 , depth=  7
it= 867 , queue= 1377 , depth=  7
it= 868 , queue= 1379 , depth=  7
it= 869 , queue= 1381 , depth=  7
it= 870 , queue= 1381 , depth=  7
it= 871 , queue= 1383 , depth=  7
it= 872 , queue= 1385 , depth=  7
it= 873 , queue= 1387 , depth=  7
it= 874 , queue= 1387 , depth=  7
it= 875 , queue= 1389 , depth=  7
it= 876 , queue= 1391 , depth=  7
it= 877 , queue= 1393 , depth=  7
it= 878 , queue= 1393 , depth=  7
it= 879 , queue= 1395 , depth=  7
it= 880 , queue= 1397 , depth=  7
it= 881 , queue= 1401 , depth=  7
it= 882 , queue= 1401 , depth=  7
it= 883 , queue= 1403 , depth=  7
it= 884 , queue= 1405 , depth=  7
it= 885 , queue= 1407 , depth=  7
it= 886 , queue= 1407 , depth=  7
it= 887 , queue= 1409 , depth=  7
it= 888 , queue= 1411 , depth=  7
it= 889 , queue= 1413 , depth=  7
it= 890 , queue= 1415 , depth=  7
it= 891 , queue= 1418 , depth=  7
it= 892 , queue= 1420 , depth=  7
it= 893 , queue= 1422 , depth=  7
it= 894 , queue= 1424 , depth=  7
it= 895 , queue= 1427 , depth=  7
it= 896 , queue= 1429 , depth=  7
it= 897 , queue= 1431 , depth=  7
it= 898 , queue= 1431 , depth=  7
it= 899 , queue= 1431 , depth=  7
it= 900 , queue= 1431 , depth=  7
it= 901 , queue= 1431 , depth=  7
it= 902 , queue= 1432 , depth=  7
it= 903 , queue= 1434 , depth=  7
it= 904 , queue= 1434 , depth=  7
it= 905 , queue= 1434 , depth=  7
it= 906 , queue= 1435 , depth=  7
it= 907 , queue= 1436 , depth=  7
it= 908 , queue= 1438 , depth=  7
it= 909 , queue= 1440 , depth=  7
it= 910 , queue= 1442 , depth=  7
it= 911 , queue= 1444 , depth=  7
it= 912 , queue= 1445 , depth=  7
it= 913 , queue= 1447 , depth=  7
it= 914 , queue= 1447 , depth=  7
it= 915 , queue= 1449 , depth=  7
it= 916 , queue= 1451 , depth=  7
it= 917 , queue= 1452 , depth=  7
it= 918 , queue= 1452 , depth=  7
it= 919 , queue= 1452 , depth=  7
it= 920 , queue= 1453 , depth=  7
it= 921 , queue= 1454 , depth=  7
it= 922 , queue= 1456 , depth=  7
it= 923 , queue= 1458 , depth=  7
it= 924 , queue= 1460 , depth=  7
it= 925 , queue= 1461 , depth=  7
it= 926 , queue= 1463 , depth=  7
it= 927 , queue= 1464 , depth=  7
it= 928 , queue= 1466 , depth=  7
it= 929 , queue= 1466 , depth=  7
it= 930 , queue= 1468 , depth=  7
it= 931 , queue= 1470 , depth=  7
it= 932 , queue= 1472 , depth=  7
it= 933 , queue= 1472 , depth=  7
it= 934 , queue= 1474 , depth=  7
it= 935 , queue= 1476 , depth=  7
it= 936 , queue= 1476 , depth=  7
it= 937 , queue= 1476 , depth=  7
it= 938 , queue= 1478 , depth=  7
it= 939 , queue= 1480 , depth=  7
it= 940 , queue= 1480 , depth=  7
it= 941 , queue= 1482 , depth=  7
it= 942 , queue= 1485 , depth=  7
it= 943 , queue= 1487 , depth=  7
it= 944 , queue= 1487 , depth=  7
it= 945 , queue= 1487 , depth=  7
it= 946 , queue= 1487 , depth=  7
it= 947 , queue= 1487 , depth=  7
it= 948 , queue= 1487 , depth=  7
it= 949 , queue= 1488 , depth=  7
it= 950 , queue= 1490 , depth=  7
it= 951 , queue= 1492 , depth=  7
it= 952 , queue= 1494 , depth=  7
it= 953 , queue= 1496 , depth=  7
it= 954 , queue= 1498 , depth=  7
it= 955 , queue= 1502 , depth=  7
it= 956 , queue= 1504 , depth=  7
it= 957 , queue= 1504 , depth=  7
it= 958 , queue= 1504 , depth=  7
it= 959 , queue= 1506 , depth=  7
it= 960 , queue= 1508 , depth=  7
it= 961 , queue= 1508 , depth=  7
it= 962 , queue= 1509 , depth=  7
it= 963 , queue= 1509 , depth=  7
it= 964 , queue= 1510 , depth=  7
it= 965 , queue= 1512 , depth=  7
it= 966 , queue= 1514 , depth=  7
it= 967 , queue= 1516 , depth=  7
it= 968 , queue= 1516 , depth=  7
it= 969 , queue= 1516 , depth=  7
it= 970 , queue= 1516 , depth=  7
it= 971 , queue= 1516 , depth=  7
it= 972 , queue= 1516 , depth=  7
it= 973 , queue= 1518 , depth=  7
it= 974 , queue= 1520 , depth=  7
it= 975 , queue= 1522 , depth=  7
it= 976 , queue= 1524 , depth=  7
it= 977 , queue= 1526 , depth=  7
it= 978 , queue= 1526 , depth=  7
it= 979 , queue= 1526 , depth=  7
it= 980 , queue= 1528 , depth=  7
it= 981 , queue= 1530 , depth=  7
it= 982 , queue= 1530 , depth=  7
it= 983 , queue= 1532 , depth=  7
it= 984 , queue= 1534 , depth=  7
it= 985 , queue= 1537 , depth=  7
it= 986 , queue= 1537 , depth=  7
it= 987 , queue= 1539 , depth=  7
it= 988 , queue= 1541 , depth=  7
it= 989 , queue= 1543 , depth=  7
it= 990 , queue= 1543 , depth=  7
it= 991 , queue= 1545 , depth=  7
it= 992 , queue= 1547 , depth=  7
it= 993 , queue= 1547 , depth=  7
it= 994 , queue= 1548 , depth=  7
it= 995 , queue= 1549 , depth=  7
it= 996 , queue= 1549 , depth=  7
it= 997 , queue= 1549 , depth=  7
it= 998 , queue= 1550 , depth=  7
it= 999 , queue= 1551 , depth=  7
it= 1000 , queue= 1553 , depth=  7
it= 1001 , queue= 1555 , depth=  7
it= 1002 , queue= 1555 , depth=  7
it= 1003 , queue= 1555 , depth=  7
it= 1004 , queue= 1555 , depth=  7
it= 1005 , queue= 1555 , depth=  7
it= 1006 , queue= 1557 , depth=  7
it= 1007 , queue= 1559 , depth=  7
it= 1008 , queue= 1561 , depth=  7
it= 1009 , queue= 1563 , depth=  7
it= 1010 , queue= 1563 , depth=  7
it= 1011 , queue= 1565 , depth=  7
it= 1012 , queue= 1565 , depth=  7
it= 1013 , queue= 1565 , depth=  7
it= 1014 , queue= 1565 , depth=  7
it= 1015 , queue= 1565 , depth=  7
it= 1016 , queue= 1566 , depth=  7
it= 1017 , queue= 1568 , depth=  7
it= 1018 , queue= 1569 , depth=  7
it= 1019 , queue= 1569 , depth=  7
it= 1020 , queue= 1569 , depth=  7
it= 1021 , queue= 1569 , depth=  7
it= 1022 , queue= 1569 , depth=  7
it= 1023 , queue= 1569 , depth=  7
it= 1024 , queue= 1570 , depth=  7
it= 1025 , queue= 1571 , depth=  7
it= 1026 , queue= 1573 , depth=  7
it= 1027 , queue= 1575 , depth=  7
it= 1028 , queue= 1575 , depth=  7
it= 1029 , queue= 1577 , depth=  7
it= 1030 , queue= 1579 , depth=  7
it= 1031 , queue= 1579 , depth=  7
it= 1032 , queue= 1581 , depth=  7
it= 1033 , queue= 1583 , depth=  7
it= 1034 , queue= 1586 , depth=  7
it= 1035 , queue= 1587 , depth=  7
it= 1036 , queue= 1590 , depth=  7
it= 1037 , queue= 1592 , depth=  7
it= 1038 , queue= 1592 , depth=  7
it= 1039 , queue= 1593 , depth=  7
it= 1040 , queue= 1595 , depth=  7
it= 1041 , queue= 1597 , depth=  7
it= 1042 , queue= 1597 , depth=  7
it= 1043 , queue= 1599 , depth=  7
it= 1044 , queue= 1599 , depth=  7
it= 1045 , queue= 1601 , depth=  7
it= 1046 , queue= 1603 , depth=  7
it= 1047 , queue= 1605 , depth=  7
it= 1048 , queue= 1607 , depth=  7
it= 1049 , queue= 1609 , depth=  7
it= 1050 , queue= 1611 , depth=  7
it= 1051 , queue= 1613 , depth=  7
it= 1052 , queue= 1613 , depth=  7
it= 1053 , queue= 1614 , depth=  7
it= 1054 , queue= 1614 , depth=  7
it= 1055 , queue= 1616 , depth=  7
it= 1056 , queue= 1617 , depth=  7
it= 1057 , queue= 1618 , depth=  7
it= 1058 , queue= 1618 , depth=  7
it= 1059 , queue= 1620 , depth=  7
it= 1060 , queue= 1621 , depth=  7
it= 1061 , queue= 1622 , depth=  7
it= 1062 , queue= 1624 , depth=  7
it= 1063 , queue= 1626 , depth=  7
it= 1064 , queue= 1628 , depth=  7
it= 1065 , queue= 1629 , depth=  7
it= 1066 , queue= 1630 , depth=  7
it= 1067 , queue= 1630 , depth=  7
it= 1068 , queue= 1632 , depth=  7
it= 1069 , queue= 1634 , depth=  7
it= 1070 , queue= 1634 , depth=  7
it= 1071 , queue= 1636 , depth=  7
it= 1072 , queue= 1638 , depth=  7
it= 1073 , queue= 1638 , depth=  7
it= 1074 , queue= 1638 , depth=  7
it= 1075 , queue= 1640 , depth=  7
it= 1076 , queue= 1642 , depth=  7
it= 1077 , queue= 1642 , depth=  7
it= 1078 , queue= 1644 , depth=  7
it= 1079 , queue= 1644 , depth=  7
it= 1080 , queue= 1645 , depth=  7
it= 1081 , queue= 1645 , depth=  7
it= 1082 , queue= 1645 , depth=  7
it= 1083 , queue= 1647 , depth=  7
it= 1084 , queue= 1649 , depth=  7
it= 1085 , queue= 1651 , depth=  7
it= 1086 , queue= 1653 , depth=  7
it= 1087 , queue= 1655 , depth=  7
it= 1088 , queue= 1657 , depth=  7
it= 1089 , queue= 1660 , depth=  7
it= 1090 , queue= 1660 , depth=  7
it= 1091 , queue= 1662 , depth=  7
it= 1092 , queue= 1664 , depth=  7
it= 1093 , queue= 1666 , depth=  7
it= 1094 , queue= 1666 , depth=  7
it= 1095 , queue= 1666 , depth=  7
it= 1096 , queue= 1667 , depth=  7
it= 1097 , queue= 1667 , depth=  7
it= 1098 , queue= 1669 , depth=  7
it= 1099 , queue= 1671 , depth=  7
it= 1100 , queue= 1671 , depth=  7
it= 1101 , queue= 1673 , depth=  7
it= 1102 , queue= 1673 , depth=  7
it= 1103 , queue= 1675 , depth=  7
it= 1104 , queue= 1675 , depth=  7
it= 1105 , queue= 1676 , depth=  7
it= 1106 , queue= 1676 , depth=  7
it= 1107 , queue= 1676 , depth=  7
it= 1108 , queue= 1676 , depth=  7
it= 1109 , queue= 1676 , depth=  7
it= 1110 , queue= 1678 , depth=  7
it= 1111 , queue= 1679 , depth=  7
it= 1112 , queue= 1680 , depth=  7
it= 1113 , queue= 1680 , depth=  7
it= 1114 , queue= 1680 , depth=  7
it= 1115 , queue= 1682 , depth=  7
it= 1116 , queue= 1684 , depth=  7
it= 1117 , queue= 1684 , depth=  8
it= 1118 , queue= 1686 , depth=  8
it= 1119 , queue= 1688 , depth=  8
it= 1120 , queue= 1691 , depth=  8
it= 1121 , queue= 1693 , depth=  8
it= 1122 , queue= 1693 , depth=  8
it= 1123 , queue= 1693 , depth=  8
it= 1124 , queue= 1695 , depth=  8
it= 1125 , queue= 1695 , depth=  8
it= 1126 , queue= 1697 , depth=  8
it= 1127 , queue= 1699 , depth=  8
it= 1128 , queue= 1699 , depth=  8
it= 1129 , queue= 1701 , depth=  8
it= 1130 , queue= 1703 , depth=  8
it= 1131 , queue= 1703 , depth=  8
it= 1132 , queue= 1703 , depth=  8
it= 1133 , queue= 1703 , depth=  8
it= 1134 , queue= 1703 , depth=  8
it= 1135 , queue= 1705 , depth=  8
it= 1136 , queue= 1707 , depth=  8
it= 1137 , queue= 1709 , depth=  8
it= 1138 , queue= 1711 , depth=  8
it= 1139 , queue= 1713 , depth=  8
it= 1140 , queue= 1714 , depth=  8
it= 1141 , queue= 1714 , depth=  8
it= 1142 , queue= 1716 , depth=  8
it= 1143 , queue= 1716 , depth=  8
it= 1144 , queue= 1716 , depth=  8
it= 1145 , queue= 1716 , depth=  8
it= 1146 , queue= 1718 , depth=  8
it= 1147 , queue= 1720 , depth=  8
it= 1148 , queue= 1722 , depth=  8
it= 1149 , queue= 1724 , depth=  8
it= 1150 , queue= 1724 , depth=  8
it= 1151 , queue= 1724 , depth=  8
it= 1152 , queue= 1726 , depth=  8
it= 1153 , queue= 1729 , depth=  8
it= 1154 , queue= 1729 , depth=  8
it= 1155 , queue= 1729 , depth=  8
it= 1156 , queue= 1730 , depth=  8
it= 1157 , queue= 1731 , depth=  8
it= 1158 , queue= 1732 , depth=  8
it= 1159 , queue= 1732 , depth=  8
it= 1160 , queue= 1733 , depth=  8
it= 1161 , queue= 1734 , depth=  8
it= 1162 , queue= 1735 , depth=  8
it= 1163 , queue= 1735 , depth=  8
it= 1164 , queue= 1735 , depth=  8
it= 1165 , queue= 1735 , depth=  8
it= 1166 , queue= 1735 , depth=  8
it= 1167 , queue= 1735 , depth=  8
it= 1168 , queue= 1737 , depth=  8
it= 1169 , queue= 1739 , depth=  8
it= 1170 , queue= 1741 , depth=  8
it= 1171 , queue= 1743 , depth=  8
it= 1172 , queue= 1745 , depth=  8
it= 1173 , queue= 1747 , depth=  8
it= 1174 , queue= 1749 , depth=  8
it= 1175 , queue= 1749 , depth=  8
it= 1176 , queue= 1751 , depth=  8
it= 1177 , queue= 1751 , depth=  8
it= 1178 , queue= 1752 , depth=  8
it= 1179 , queue= 1753 , depth=  8
it= 1180 , queue= 1755 , depth=  8
it= 1181 , queue= 1757 , depth=  8
it= 1182 , queue= 1758 , depth=  8
it= 1183 , queue= 1759 , depth=  8
it= 1184 , queue= 1761 , depth=  8
it= 1185 , queue= 1763 , depth=  8
it= 1186 , queue= 1765 , depth=  8
it= 1187 , queue= 1765 , depth=  8
it= 1188 , queue= 1767 , depth=  8
it= 1189 , queue= 1770 , depth=  8
it= 1190 , queue= 1772 , depth=  8
it= 1191 , queue= 1774 , depth=  8
it= 1192 , queue= 1774 , depth=  8
it= 1193 , queue= 1774 , depth=  8
it= 1194 , queue= 1774 , depth=  8
it= 1195 , queue= 1775 , depth=  8
it= 1196 , queue= 1775 , depth=  8
it= 1197 , queue= 1775 , depth=  8
it= 1198 , queue= 1775 , depth=  8
it= 1199 , queue= 1777 , depth=  8
it= 1200 , queue= 1780 , depth=  8
it= 1201 , queue= 1780 , depth=  8
it= 1202 , queue= 1783 , depth=  8
it= 1203 , queue= 1785 , depth=  8
it= 1204 , queue= 1785 , depth=  8
it= 1205 , queue= 1787 , depth=  8
it= 1206 , queue= 1789 , depth=  8
it= 1207 , queue= 1789 , depth=  8
it= 1208 , queue= 1790 , depth=  8
it= 1209 , queue= 1791 , depth=  8
it= 1210 , queue= 1792 , depth=  8
it= 1211 , queue= 1792 , depth=  8
it= 1212 , queue= 1792 , depth=  8
it= 1213 , queue= 1792 , depth=  8
it= 1214 , queue= 1792 , depth=  8
it= 1215 , queue= 1792 , depth=  8
it= 1216 , queue= 1794 , depth=  8
it= 1217 , queue= 1795 , depth=  8
it= 1218 , queue= 1797 , depth=  8
it= 1219 , queue= 1798 , depth=  8
it= 1220 , queue= 1798 , depth=  8
it= 1221 , queue= 1801 , depth=  8
it= 1222 , queue= 1803 , depth=  8
it= 1223 , queue= 1803 , depth=  8
it= 1224 , queue= 1805 , depth=  8
it= 1225 , queue= 1807 , depth=  8
it= 1226 , queue= 1807 , depth=  8
it= 1227 , queue= 1807 , depth=  8
it= 1228 , queue= 1810 , depth=  8
it= 1229 , queue= 1812 , depth=  8
it= 1230 , queue= 1812 , depth=  8
it= 1231 , queue= 1814 , depth=  8
it= 1232 , queue= 1817 , depth=  8
it= 1233 , queue= 1819 , depth=  8
it= 1234 , queue= 1819 , depth=  8
it= 1235 , queue= 1820 , depth=  8
it= 1236 , queue= 1822 , depth=  8
it= 1237 , queue= 1824 , depth=  8
it= 1238 , queue= 1826 , depth=  8
it= 1239 , queue= 1828 , depth=  8
it= 1240 , queue= 1829 , depth=  8
it= 1241 , queue= 1829 , depth=  8
it= 1242 , queue= 1829 , depth=  8
it= 1243 , queue= 1831 , depth=  8
it= 1244 , queue= 1834 , depth=  8
it= 1245 , queue= 1836 , depth=  8
it= 1246 , queue= 1836 , depth=  8
it= 1247 , queue= 1837 , depth=  8
it= 1248 , queue= 1839 , depth=  8
it= 1249 , queue= 1841 , depth=  8
it= 1250 , queue= 1843 , depth=  8
it= 1251 , queue= 1845 , depth=  8
it= 1252 , queue= 1846 , depth=  8
it= 1253 , queue= 1846 , depth=  8
it= 1254 , queue= 1848 , depth=  8
it= 1255 , queue= 1852 , depth=  8
it= 1256 , queue= 1855 , depth=  8
it= 1257 , queue= 1857 , depth=  8
it= 1258 , queue= 1859 , depth=  8
it= 1259 , queue= 1860 , depth=  8
it= 1260 , queue= 1862 , depth=  8
it= 1261 , queue= 1862 , depth=  8
it= 1262 , queue= 1862 , depth=  8
it= 1263 , queue= 1864 , depth=  8
it= 1264 , queue= 1864 , depth=  8
it= 1265 , queue= 1866 , depth=  8
it= 1266 , queue= 1868 , depth=  8
it= 1267 , queue= 1869 , depth=  8
it= 1268 , queue= 1869 , depth=  8
it= 1269 , queue= 1871 , depth=  8
it= 1270 , queue= 1874 , depth=  8
it= 1271 , queue= 1877 , depth=  8
it= 1272 , queue= 1879 , depth=  8
it= 1273 , queue= 1879 , depth=  8
it= 1274 , queue= 1881 , depth=  8
it= 1275 , queue= 1883 , depth=  8
it= 1276 , queue= 1884 , depth=  8
it= 1277 , queue= 1885 , depth=  8
it= 1278 , queue= 1887 , depth=  8
it= 1279 , queue= 1890 , depth=  8
it= 1280 , queue= 1892 , depth=  8
it= 1281 , queue= 1892 , depth=  8
it= 1282 , queue= 1892 , depth=  8
it= 1283 , queue= 1896 , depth=  8
it= 1284 , queue= 1898 , depth=  8
it= 1285 , queue= 1900 , depth=  8
it= 1286 , queue= 1902 , depth=  8
it= 1287 , queue= 1902 , depth=  8
it= 1288 , queue= 1903 , depth=  8
it= 1289 , queue= 1905 , depth=  8
it= 1290 , queue= 1908 , depth=  8
it= 1291 , queue= 1910 , depth=  8
it= 1292 , queue= 1910 , depth=  8
it= 1293 , queue= 1912 , depth=  8
it= 1294 , queue= 1914 , depth=  8
it= 1295 , queue= 1914 , depth=  8
it= 1296 , queue= 1915 , depth=  8
it= 1297 , queue= 1915 , depth=  8
it= 1298 , queue= 1915 , depth=  8
it= 1299 , queue= 1915 , depth=  8
it= 1300 , queue= 1917 , depth=  8
it= 1301 , queue= 1920 , depth=  8
it= 1302 , queue= 1923 , depth=  8
it= 1303 , queue= 1926 , depth=  8
it= 1304 , queue= 1927 , depth=  8
it= 1305 , queue= 1929 , depth=  8
it= 1306 , queue= 1929 , depth=  8
it= 1307 , queue= 1930 , depth=  8
it= 1308 , queue= 1931 , depth=  8
it= 1309 , queue= 1931 , depth=  8
it= 1310 , queue= 1932 , depth=  8
it= 1311 , queue= 1934 , depth=  8
it= 1312 , queue= 1934 , depth=  8
it= 1313 , queue= 1934 , depth=  8
it= 1314 , queue= 1934 , depth=  8
it= 1315 , queue= 1934 , depth=  8
it= 1316 , queue= 1934 , depth=  8
it= 1317 , queue= 1935 , depth=  8
it= 1318 , queue= 1936 , depth=  8
it= 1319 , queue= 1938 , depth=  8
it= 1320 , queue= 1941 , depth=  8
it= 1321 , queue= 1942 , depth=  8
it= 1322 , queue= 1943 , depth=  8
it= 1323 , queue= 1944 , depth=  8
it= 1324 , queue= 1945 , depth=  8
it= 1325 , queue= 1945 , depth=  8
it= 1326 , queue= 1947 , depth=  8
it= 1327 , queue= 1949 , depth=  8
it= 1328 , queue= 1949 , depth=  8
it= 1329 , queue= 1949 , depth=  8
it= 1330 , queue= 1949 , depth=  8
it= 1331 , queue= 1949 , depth=  8
it= 1332 , queue= 1949 , depth=  8
it= 1333 , queue= 1949 , depth=  8
it= 1334 , queue= 1951 , depth=  8
it= 1335 , queue= 1952 , depth=  8
it= 1336 , queue= 1954 , depth=  8
it= 1337 , queue= 1957 , depth=  8
it= 1338 , queue= 1958 , depth=  8
it= 1339 , queue= 1958 , depth=  8
it= 1340 , queue= 1958 , depth=  8
it= 1341 , queue= 1959 , depth=  8
it= 1342 , queue= 1961 , depth=  8
it= 1343 , queue= 1963 , depth=  8
it= 1344 , queue= 1963 , depth=  8
it= 1345 , queue= 1963 , depth=  8
it= 1346 , queue= 1964 , depth=  8
it= 1347 , queue= 1966 , depth=  8
it= 1348 , queue= 1968 , depth=  8
it= 1349 , queue= 1969 , depth=  8
it= 1350 , queue= 1969 , depth=  8
it= 1351 , queue= 1971 , depth=  8
it= 1352 , queue= 1972 , depth=  8
it= 1353 , queue= 1972 , depth=  8
it= 1354 , queue= 1973 , depth=  8
it= 1355 , queue= 1973 , depth=  8
it= 1356 , queue= 1974 , depth=  8
it= 1357 , queue= 1975 , depth=  8
it= 1358 , queue= 1975 , depth=  8
it= 1359 , queue= 1976 , depth=  8
it= 1360 , queue= 1977 , depth=  8
it= 1361 , queue= 1978 , depth=  8
it= 1362 , queue= 1980 , depth=  8
it= 1363 , queue= 1981 , depth=  8
it= 1364 , queue= 1982 , depth=  8
it= 1365 , queue= 1983 , depth=  8
it= 1366 , queue= 1985 , depth=  8
it= 1367 , queue= 1988 , depth=  8
it= 1368 , queue= 1990 , depth=  8
it= 1369 , queue= 1992 , depth=  8
it= 1370 , queue= 1992 , depth=  8
it= 1371 , queue= 1992 , depth=  8
it= 1372 , queue= 1994 , depth=  8
it= 1373 , queue= 1997 , depth=  8
it= 1374 , queue= 1997 , depth=  8
it= 1375 , queue= 1999 , depth=  8
it= 1376 , queue= 1999 , depth=  8
it= 1377 , queue= 2000 , depth=  8
it= 1378 , queue= 2002 , depth=  8
it= 1379 , queue= 2005 , depth=  8
it= 1380 , queue= 2007 , depth=  8
it= 1381 , queue= 2009 , depth=  8
it= 1382 , queue= 2011 , depth=  8
it= 1383 , queue= 2013 , depth=  8
it= 1384 , queue= 2013 , depth=  8
it= 1385 , queue= 2014 , depth=  8
it= 1386 , queue= 2014 , depth=  8
it= 1387 , queue= 2016 , depth=  8
it= 1388 , queue= 2016 , depth=  8
it= 1389 , queue= 2017 , depth=  8
it= 1390 , queue= 2019 , depth=  8
it= 1391 , queue= 2022 , depth=  8
it= 1392 , queue= 2024 , depth=  8
it= 1393 , queue= 2026 , depth=  8
it= 1394 , queue= 2028 , depth=  8
it= 1395 , queue= 2030 , depth=  8
it= 1396 , queue= 2030 , depth=  8
it= 1397 , queue= 2031 , depth=  8
it= 1398 , queue= 2033 , depth=  8
it= 1399 , queue= 2033 , depth=  8
it= 1400 , queue= 2035 , depth=  8
it= 1401 , queue= 2037 , depth=  8
it= 1402 , queue= 2039 , depth=  8
it= 1403 , queue= 2042 , depth=  8
it= 1404 , queue= 2044 , depth=  8
it= 1405 , queue= 2047 , depth=  8
it= 1406 , queue= 2049 , depth=  8
it= 1407 , queue= 2049 , depth=  8
it= 1408 , queue= 2051 , depth=  8
it= 1409 , queue= 2053 , depth=  8
it= 1410 , queue= 2053 , depth=  8
it= 1411 , queue= 2054 , depth=  8
it= 1412 , queue= 2054 , depth=  8
it= 1413 , queue= 2054 , depth=  8
it= 1414 , queue= 2055 , depth=  8
it= 1415 , queue= 2056 , depth=  8
it= 1416 , queue= 2058 , depth=  8
it= 1417 , queue= 2059 , depth=  8
it= 1418 , queue= 2061 , depth=  8
it= 1419 , queue= 2062 , depth=  8
it= 1420 , queue= 2063 , depth=  8
it= 1421 , queue= 2064 , depth=  8
it= 1422 , queue= 2064 , depth=  8
it= 1423 , queue= 2065 , depth=  8
it= 1424 , queue= 2066 , depth=  8
it= 1425 , queue= 2068 , depth=  8
it= 1426 , queue= 2069 , depth=  8
it= 1427 , queue= 2071 , depth=  8
it= 1428 , queue= 2072 , depth=  8
it= 1429 , queue= 2073 , depth=  8
it= 1430 , queue= 2074 , depth=  8
it= 1431 , queue= 2075 , depth=  8
it= 1432 , queue= 2075 , depth=  8
it= 1433 , queue= 2077 , depth=  8
it= 1434 , queue= 2077 , depth=  8
it= 1435 , queue= 2077 , depth=  8
it= 1436 , queue= 2077 , depth=  8
it= 1437 , queue= 2078 , depth=  8
it= 1438 , queue= 2079 , depth=  8
it= 1439 , queue= 2079 , depth=  8
it= 1440 , queue= 2080 , depth=  8
it= 1441 , queue= 2082 , depth=  8
it= 1442 , queue= 2084 , depth=  8
it= 1443 , queue= 2086 , depth=  8
it= 1444 , queue= 2086 , depth=  8
it= 1445 , queue= 2086 , depth=  8
it= 1446 , queue= 2088 , depth=  8
it= 1447 , queue= 2088 , depth=  8
it= 1448 , queue= 2088 , depth=  8
it= 1449 , queue= 2088 , depth=  8
it= 1450 , queue= 2088 , depth=  8
it= 1451 , queue= 2089 , depth=  8
it= 1452 , queue= 2091 , depth=  8
it= 1453 , queue= 2091 , depth=  8
it= 1454 , queue= 2091 , depth=  8
it= 1455 , queue= 2092 , depth=  8
it= 1456 , queue= 2092 , depth=  8
it= 1457 , queue= 2092 , depth=  8
it= 1458 , queue= 2092 , depth=  8
it= 1459 , queue= 2092 , depth=  8
it= 1460 , queue= 2092 , depth=  8
it= 1461 , queue= 2094 , depth=  8
it= 1462 , queue= 2094 , depth=  8
it= 1463 , queue= 2094 , depth=  8
it= 1464 , queue= 2095 , depth=  8
it= 1465 , queue= 2098 , depth=  8
it= 1466 , queue= 2099 , depth=  8
it= 1467 , queue= 2099 , depth=  8
it= 1468 , queue= 2100 , depth=  8
it= 1469 , queue= 2100 , depth=  8
it= 1470 , queue= 2101 , depth=  8
it= 1471 , queue= 2102 , depth=  8
it= 1472 , queue= 2103 , depth=  8
it= 1473 , queue= 2103 , depth=  8
it= 1474 , queue= 2104 , depth=  8
it= 1475 , queue= 2104 , depth=  8
it= 1476 , queue= 2104 , depth=  8
it= 1477 , queue= 2104 , depth=  8
it= 1478 , queue= 2105 , depth=  8
it= 1479 , queue= 2105 , depth=  8
it= 1480 , queue= 2105 , depth=  8
it= 1481 , queue= 2105 , depth=  8
it= 1482 , queue= 2106 , depth=  8
it= 1483 , queue= 2107 , depth=  8
it= 1484 , queue= 2108 , depth=  8
it= 1485 , queue= 2109 , depth=  8
it= 1486 , queue= 2110 , depth=  8
it= 1487 , queue= 2111 , depth=  8
it= 1488 , queue= 2112 , depth=  8
it= 1489 , queue= 2112 , depth=  8
it= 1490 , queue= 2114 , depth=  8
it= 1491 , queue= 2116 , depth=  8
it= 1492 , queue= 2116 , depth=  8
it= 1493 , queue= 2116 , depth=  8
it= 1494 , queue= 2116 , depth=  8
it= 1495 , queue= 2117 , depth=  8
it= 1496 , queue= 2118 , depth=  8
it= 1497 , queue= 2119 , depth=  8
it= 1498 , queue= 2120 , depth=  8
it= 1499 , queue= 2121 , depth=  8
it= 1500 , queue= 2123 , depth=  8
it= 1501 , queue= 2123 , depth=  8
it= 1502 , queue= 2125 , depth=  8
it= 1503 , queue= 2127 , depth=  8
it= 1504 , queue= 2129 , depth=  8
it= 1505 , queue= 2129 , depth=  8
it= 1506 , queue= 2130 , depth=  8
it= 1507 , queue= 2131 , depth=  8
it= 1508 , queue= 2131 , depth=  8
it= 1509 , queue= 2133 , depth=  8
it= 1510 , queue= 2133 , depth=  8
it= 1511 , queue= 2134 , depth=  8
it= 1512 , queue= 2134 , depth=  8
it= 1513 , queue= 2134 , depth=  8
it= 1514 , queue= 2135 , depth=  8
it= 1515 , queue= 2136 , depth=  8
it= 1516 , queue= 2136 , depth=  8
it= 1517 , queue= 2136 , depth=  8
it= 1518 , queue= 2137 , depth=  8
it= 1519 , queue= 2138 , depth=  8
it= 1520 , queue= 2138 , depth=  8
it= 1521 , queue= 2139 , depth=  8
it= 1522 , queue= 2141 , depth=  8
it= 1523 , queue= 2142 , depth=  8
it= 1524 , queue= 2142 , depth=  8
it= 1525 , queue= 2143 , depth=  8
it= 1526 , queue= 2143 , depth=  8
it= 1527 , queue= 2145 , depth=  8
it= 1528 , queue= 2148 , depth=  8
it= 1529 , queue= 2150 , depth=  8
it= 1530 , queue= 2152 , depth=  8
it= 1531 , queue= 2152 , depth=  8
it= 1532 , queue= 2152 , depth=  8
it= 1533 , queue= 2152 , depth=  8
it= 1534 , queue= 2153 , depth=  8
it= 1535 , queue= 2155 , depth=  8
it= 1536 , queue= 2157 , depth=  8
it= 1537 , queue= 2159 , depth=  8
it= 1538 , queue= 2160 , depth=  8
it= 1539 , queue= 2162 , depth=  8
it= 1540 , queue= 2164 , depth=  8
it= 1541 , queue= 2167 , depth=  8
it= 1542 , queue= 2169 , depth=  8
it= 1543 , queue= 2169 , depth=  8
it= 1544 , queue= 2171 , depth=  8
it= 1545 , queue= 2173 , depth=  8
it= 1546 , queue= 2173 , depth=  8
it= 1547 , queue= 2174 , depth=  8
it= 1548 , queue= 2174 , depth=  8
it= 1549 , queue= 2174 , depth=  8
it= 1550 , queue= 2174 , depth=  8
it= 1551 , queue= 2174 , depth=  8
it= 1552 , queue= 2174 , depth=  8
it= 1553 , queue= 2175 , depth=  8
it= 1554 , queue= 2176 , depth=  8
it= 1555 , queue= 2178 , depth=  8
it= 1556 , queue= 2178 , depth=  8
it= 1557 , queue= 2178 , depth=  8
it= 1558 , queue= 2179 , depth=  8
it= 1559 , queue= 2180 , depth=  8
it= 1560 , queue= 2181 , depth=  8
it= 1561 , queue= 2181 , depth=  8
it= 1562 , queue= 2182 , depth=  8
it= 1563 , queue= 2183 , depth=  8
it= 1564 , queue= 2184 , depth=  8
it= 1565 , queue= 2185 , depth=  8
it= 1566 , queue= 2185 , depth=  8
it= 1567 , queue= 2187 , depth=  8
it= 1568 , queue= 2187 , depth=  8
it= 1569 , queue= 2187 , depth=  8
it= 1570 , queue= 2187 , depth=  8
it= 1571 , queue= 2187 , depth=  8
it= 1572 , queue= 2188 , depth=  8
it= 1573 , queue= 2189 , depth=  8
it= 1574 , queue= 2189 , depth=  8
it= 1575 , queue= 2190 , depth=  8
it= 1576 , queue= 2190 , depth=  8
it= 1577 , queue= 2191 , depth=  8
it= 1578 , queue= 2191 , depth=  8
it= 1579 , queue= 2191 , depth=  8
it= 1580 , queue= 2191 , depth=  8
it= 1581 , queue= 2192 , depth=  8
it= 1582 , queue= 2193 , depth=  8
it= 1583 , queue= 2195 , depth=  8
it= 1584 , queue= 2197 , depth=  8
it= 1585 , queue= 2198 , depth=  8
it= 1586 , queue= 2200 , depth=  8
it= 1587 , queue= 2202 , depth=  8
it= 1588 , queue= 2203 , depth=  8
it= 1589 , queue= 2205 , depth=  8
it= 1590 , queue= 2207 , depth=  8
it= 1591 , queue= 2207 , depth=  8
it= 1592 , queue= 2207 , depth=  8
it= 1593 , queue= 2207 , depth=  8
it= 1594 , queue= 2209 , depth=  8
it= 1595 , queue= 2210 , depth=  8
it= 1596 , queue= 2211 , depth=  8
it= 1597 , queue= 2211 , depth=  8
it= 1598 , queue= 2213 , depth=  8
it= 1599 , queue= 2213 , depth=  8
it= 1600 , queue= 2214 , depth=  8
it= 1601 , queue= 2214 , depth=  8
it= 1602 , queue= 2214 , depth=  8
it= 1603 , queue= 2215 , depth=  8
it= 1604 , queue= 2216 , depth=  8
it= 1605 , queue= 2218 , depth=  8
it= 1606 , queue= 2220 , depth=  8
it= 1607 , queue= 2222 , depth=  8
it= 1608 , queue= 2224 , depth=  8
it= 1609 , queue= 2224 , depth=  8
it= 1610 , queue= 2224 , depth=  8
it= 1611 , queue= 2224 , depth=  8
it= 1612 , queue= 2224 , depth=  8
it= 1613 , queue= 2224 , depth=  8
it= 1614 , queue= 2224 , depth=  8
it= 1615 , queue= 2224 , depth=  8
it= 1616 , queue= 2224 , depth=  8
it= 1617 , queue= 2224 , depth=  8
it= 1618 , queue= 2224 , depth=  8
it= 1619 , queue= 2225 , depth=  8
it= 1620 , queue= 2226 , depth=  8
it= 1621 , queue= 2227 , depth=  8
it= 1622 , queue= 2229 , depth=  8
it= 1623 , queue= 2229 , depth=  8
it= 1624 , queue= 2229 , depth=  8
it= 1625 , queue= 2229 , depth=  8
it= 1626 , queue= 2229 , depth=  8
it= 1627 , queue= 2230 , depth=  8
it= 1628 , queue= 2230 , depth=  8
it= 1629 , queue= 2230 , depth=  8
it= 1630 , queue= 2230 , depth=  8
it= 1631 , queue= 2230 , depth=  8
it= 1632 , queue= 2232 , depth=  8
it= 1633 , queue= 2234 , depth=  8
it= 1634 , queue= 2234 , depth=  8
it= 1635 , queue= 2234 , depth=  8
it= 1636 , queue= 2234 , depth=  8
it= 1637 , queue= 2234 , depth=  8
it= 1638 , queue= 2234 , depth=  8
it= 1639 , queue= 2234 , depth=  8
it= 1640 , queue= 2234 , depth=  8
it= 1641 , queue= 2234 , depth=  8
it= 1642 , queue= 2234 , depth=  8
it= 1643 , queue= 2234 , depth=  8
it= 1644 , queue= 2234 , depth=  8
it= 1645 , queue= 2234 , depth=  8
it= 1646 , queue= 2235 , depth=  8
it= 1647 , queue= 2236 , depth=  8
it= 1648 , queue= 2238 , depth=  8
it= 1649 , queue= 2240 , depth=  8
it= 1650 , queue= 2240 , depth=  8
it= 1651 , queue= 2240 , depth=  8
it= 1652 , queue= 2240 , depth=  8
it= 1653 , queue= 2240 , depth=  8
it= 1654 , queue= 2241 , depth=  8
it= 1655 , queue= 2243 , depth=  8
it= 1656 , queue= 2245 , depth=  8
it= 1657 , queue= 2247 , depth=  8
it= 1658 , queue= 2249 , depth=  8
it= 1659 , queue= 2250 , depth=  8
it= 1660 , queue= 2252 , depth=  8
it= 1661 , queue= 2254 , depth=  8
it= 1662 , queue= 2254 , depth=  8
it= 1663 , queue= 2256 , depth=  8
it= 1664 , queue= 2257 , depth=  8
it= 1665 , queue= 2258 , depth=  8
it= 1666 , queue= 2258 , depth=  8
it= 1667 , queue= 2258 , depth=  8
it= 1668 , queue= 2260 , depth=  8
it= 1669 , queue= 2261 , depth=  8
it= 1670 , queue= 2262 , depth=  8
it= 1671 , queue= 2262 , depth=  8
it= 1672 , queue= 2262 , depth=  8
it= 1673 , queue= 2262 , depth=  8
it= 1674 , queue= 2262 , depth=  8
it= 1675 , queue= 2262 , depth=  8
it= 1676 , queue= 2262 , depth=  8
it= 1677 , queue= 2263 , depth=  8
it= 1678 , queue= 2264 , depth=  8
it= 1679 , queue= 2264 , depth=  8
it= 1680 , queue= 2264 , depth=  8
it= 1681 , queue= 2264 , depth=  8
it= 1682 , queue= 2264 , depth=  8
it= 1683 , queue= 2264 , depth=  8
it= 1684 , queue= 2264 , depth=  9
it= 1685 , queue= 2264 , depth=  9
it= 1686 , queue= 2264 , depth=  9
it= 1687 , queue= 2265 , depth=  9
it= 1688 , queue= 2265 , depth=  9
it= 1689 , queue= 2267 , depth=  9
it= 1690 , queue= 2268 , depth=  9
it= 1691 , queue= 2270 , depth=  9
it= 1692 , queue= 2271 , depth=  9
it= 1693 , queue= 2271 , depth=  9
it= 1694 , queue= 2271 , depth=  9
it= 1695 , queue= 2271 , depth=  9
it= 1696 , queue= 2271 , depth=  9
it= 1697 , queue= 2272 , depth=  9
it= 1698 , queue= 2273 , depth=  9
it= 1699 , queue= 2273 , depth=  9
it= 1700 , queue= 2273 , depth=  9
it= 1701 , queue= 2275 , depth=  9
it= 1702 , queue= 2277 , depth=  9
it= 1703 , queue= 2279 , depth=  9
it= 1704 , queue= 2279 , depth=  9
it= 1705 , queue= 2279 , depth=  9
it= 1706 , queue= 2280 , depth=  9
it= 1707 , queue= 2280 , depth=  9
it= 1708 , queue= 2280 , depth=  9
it= 1709 , queue= 2280 , depth=  9
it= 1710 , queue= 2280 , depth=  9
it= 1711 , queue= 2280 , depth=  9
it= 1712 , queue= 2280 , depth=  9
it= 1713 , queue= 2280 , depth=  9
it= 1714 , queue= 2280 , depth=  9
it= 1715 , queue= 2281 , depth=  9
it= 1716 , queue= 2283 , depth=  9
it= 1717 , queue= 2283 , depth=  9
it= 1718 , queue= 2283 , depth=  9
it= 1719 , queue= 2283 , depth=  9
it= 1720 , queue= 2283 , depth=  9
it= 1721 , queue= 2283 , depth=  9
it= 1722 , queue= 2283 , depth=  9
it= 1723 , queue= 2284 , depth=  9
it= 1724 , queue= 2285 , depth=  9
it= 1725 , queue= 2286 , depth=  9
it= 1726 , queue= 2288 , depth=  9
it= 1727 , queue= 2291 , depth=  9
it= 1728 , queue= 2292 , depth=  9
it= 1729 , queue= 2292 , depth=  9
it= 1730 , queue= 2292 , depth=  9
it= 1731 , queue= 2293 , depth=  9
it= 1732 , queue= 2293 , depth=  9
it= 1733 , queue= 2293 , depth=  9
it= 1734 , queue= 2293 , depth=  9
it= 1735 , queue= 2293 , depth=  9
it= 1736 , queue= 2293 , depth=  9
it= 1737 , queue= 2293 , depth=  9
it= 1738 , queue= 2293 , depth=  9
it= 1739 , queue= 2293 , depth=  9
it= 1740 , queue= 2293 , depth=  9
it= 1741 , queue= 2293 , depth=  9
it= 1742 , queue= 2293 , depth=  9
it= 1743 , queue= 2293 , depth=  9
it= 1744 , queue= 2293 , depth=  9
it= 1745 , queue= 2293 , depth=  9
it= 1746 , queue= 2295 , depth=  9
it= 1747 , queue= 2295 , depth=  9
it= 1748 , queue= 2296 , depth=  9
it= 1749 , queue= 2297 , depth=  9
it= 1750 , queue= 2298 , depth=  9
it= 1751 , queue= 2299 , depth=  9
it= 1752 , queue= 2299 , depth=  9
it= 1753 , queue= 2299 , depth=  9
it= 1754 , queue= 2299 , depth=  9
it= 1755 , queue= 2299 , depth=  9
it= 1756 , queue= 2299 , depth=  9
it= 1757 , queue= 2299 , depth=  9
it= 1758 , queue= 2299 , depth=  9
it= 1759 , queue= 2299 , depth=  9
it= 1760 , queue= 2299 , depth=  9
it= 1761 , queue= 2300 , depth=  9
it= 1762 , queue= 2300 , depth=  9
it= 1763 , queue= 2300 , depth=  9
it= 1764 , queue= 2300 , depth=  9
it= 1765 , queue= 2300 , depth=  9
it= 1766 , queue= 2300 , depth=  9
it= 1767 , queue= 2300 , depth=  9
it= 1768 , queue= 2300 , depth=  9
it= 1769 , queue= 2301 , depth=  9
it= 1770 , queue= 2301 , depth=  9
it= 1771 , queue= 2302 , depth=  9
it= 1772 , queue= 2302 , depth=  9
it= 1773 , queue= 2303 , depth=  9
it= 1774 , queue= 2304 , depth=  9
it= 1775 , queue= 2304 , depth=  9
it= 1776 , queue= 2304 , depth=  9
it= 1777 , queue= 2305 , depth=  9
it= 1778 , queue= 2305 , depth=  9
it= 1779 , queue= 2306 , depth=  9
it= 1780 , queue= 2308 , depth=  9
it= 1781 , queue= 2309 , depth=  9
it= 1782 , queue= 2310 , depth=  9
it= 1783 , queue= 2312 , depth=  9
it= 1784 , queue= 2312 , depth=  9
it= 1785 , queue= 2312 , depth=  9
it= 1786 , queue= 2314 , depth=  9
it= 1787 , queue= 2314 , depth=  9
it= 1788 , queue= 2315 , depth=  9
it= 1789 , queue= 2316 , depth=  9
it= 1790 , queue= 2317 , depth=  9
it= 1791 , queue= 2317 , depth=  9
it= 1792 , queue= 2317 , depth=  9
it= 1793 , queue= 2318 , depth=  9
it= 1794 , queue= 2318 , depth=  9
it= 1795 , queue= 2318 , depth=  9
it= 1796 , queue= 2318 , depth=  9
it= 1797 , queue= 2318 , depth=  9
it= 1798 , queue= 2318 , depth=  9
it= 1799 , queue= 2319 , depth=  9
it= 1800 , queue= 2320 , depth=  9
it= 1801 , queue= 2320 , depth=  9
it= 1802 , queue= 2322 , depth=  9
it= 1803 , queue= 2322 , depth=  9
it= 1804 , queue= 2323 , depth=  9
it= 1805 , queue= 2324 , depth=  9
it= 1806 , queue= 2324 , depth=  9
it= 1807 , queue= 2324 , depth=  9
it= 1808 , queue= 2325 , depth=  9
it= 1809 , queue= 2325 , depth=  9
it= 1810 , queue= 2326 , depth=  9
it= 1811 , queue= 2326 , depth=  9
it= 1812 , queue= 2326 , depth=  9
it= 1813 , queue= 2326 , depth=  9
it= 1814 , queue= 2326 , depth=  9
it= 1815 , queue= 2326 , depth=  9
it= 1816 , queue= 2327 , depth=  9
it= 1817 , queue= 2327 , depth=  9
it= 1818 , queue= 2328 , depth=  9
it= 1819 , queue= 2328 , depth=  9
it= 1820 , queue= 2328 , depth=  9
it= 1821 , queue= 2329 , depth=  9
it= 1822 , queue= 2330 , depth=  9
it= 1823 , queue= 2330 , depth=  9
it= 1824 , queue= 2330 , depth=  9
it= 1825 , queue= 2330 , depth=  9
it= 1826 , queue= 2330 , depth=  9
it= 1827 , queue= 2330 , depth=  9
it= 1828 , queue= 2330 , depth=  9
it= 1829 , queue= 2330 , depth=  9
it= 1830 , queue= 2330 , depth=  9
it= 1831 , queue= 2331 , depth=  9
it= 1832 , queue= 2331 , depth=  9
it= 1833 , queue= 2332 , depth=  9
it= 1834 , queue= 2332 , depth=  9
it= 1835 , queue= 2333 , depth=  9
it= 1836 , queue= 2333 , depth=  9
it= 1837 , queue= 2334 , depth=  9
it= 1838 , queue= 2335 , depth=  9
it= 1839 , queue= 2336 , depth=  9
it= 1840 , queue= 2336 , depth=  9
it= 1841 , queue= 2336 , depth=  9
it= 1842 , queue= 2336 , depth=  9
it= 1843 , queue= 2337 , depth=  9
it= 1844 , queue= 2338 , depth=  9
it= 1845 , queue= 2338 , depth=  9
it= 1846 , queue= 2338 , depth=  9
it= 1847 , queue= 2338 , depth=  9
it= 1848 , queue= 2338 , depth=  9
it= 1849 , queue= 2339 , depth=  9
it= 1850 , queue= 2339 , depth=  9
it= 1851 , queue= 2339 , depth=  9
it= 1852 , queue= 2340 , depth=  9
it= 1853 , queue= 2340 , depth=  9
it= 1854 , queue= 2341 , depth=  9
it= 1855 , queue= 2341 , depth=  9
it= 1856 , queue= 2342 , depth=  9
it= 1857 , queue= 2342 , depth=  9
it= 1858 , queue= 2342 , depth=  9
it= 1859 , queue= 2344 , depth=  9
it= 1860 , queue= 2344 , depth=  9
it= 1861 , queue= 2344 , depth=  9
it= 1862 , queue= 2345 , depth=  9
it= 1863 , queue= 2346 , depth=  9
it= 1864 , queue= 2347 , depth=  9
it= 1865 , queue= 2349 , depth=  9
it= 1866 , queue= 2351 , depth=  9
it= 1867 , queue= 2353 , depth=  9
it= 1868 , queue= 2354 , depth=  9
it= 1869 , queue= 2354 , depth=  9
it= 1870 , queue= 2354 , depth=  9
it= 1871 , queue= 2354 , depth=  9
it= 1872 , queue= 2354 , depth=  9
it= 1873 , queue= 2354 , depth=  9
it= 1874 , queue= 2356 , depth=  9
it= 1875 , queue= 2358 , depth=  9
it= 1876 , queue= 2358 , depth=  9
it= 1877 , queue= 2360 , depth=  9
it= 1878 , queue= 2360 , depth=  9
it= 1879 , queue= 2360 , depth=  9
it= 1880 , queue= 2362 , depth=  9
it= 1881 , queue= 2363 , depth=  9
it= 1882 , queue= 2363 , depth=  9
it= 1883 , queue= 2363 , depth=  9
it= 1884 , queue= 2363 , depth=  9
it= 1885 , queue= 2363 , depth=  9
it= 1886 , queue= 2363 , depth=  9
it= 1887 , queue= 2363 , depth=  9
it= 1888 , queue= 2364 , depth=  9
it= 1889 , queue= 2364 , depth=  9
it= 1890 , queue= 2364 , depth=  9
it= 1891 , queue= 2364 , depth=  9
it= 1892 , queue= 2364 , depth=  9
it= 1893 , queue= 2364 , depth=  9
it= 1894 , queue= 2364 , depth=  9
it= 1895 , queue= 2364 , depth=  9
it= 1896 , queue= 2365 , depth=  9
it= 1897 , queue= 2365 , depth=  9
it= 1898 , queue= 2365 , depth=  9
it= 1899 , queue= 2365 , depth=  9
it= 1900 , queue= 2365 , depth=  9
it= 1901 , queue= 2365 , depth=  9
it= 1902 , queue= 2365 , depth=  9
it= 1903 , queue= 2365 , depth=  9
it= 1904 , queue= 2365 , depth=  9
it= 1905 , queue= 2365 , depth=  9
it= 1906 , queue= 2365 , depth=  9
it= 1907 , queue= 2365 , depth=  9
it= 1908 , queue= 2365 , depth=  9
it= 1909 , queue= 2365 , depth=  9
it= 1910 , queue= 2365 , depth=  9
it= 1911 , queue= 2365 , depth=  9
it= 1912 , queue= 2365 , depth=  9
it= 1913 , queue= 2365 , depth=  9
it= 1914 , queue= 2365 , depth=  9
it= 1915 , queue= 2365 , depth=  9
it= 1916 , queue= 2365 , depth=  9
it= 1917 , queue= 2365 , depth=  9
it= 1918 , queue= 2366 , depth=  9
it= 1919 , queue= 2366 , depth=  9
it= 1920 , queue= 2368 , depth=  9
it= 1921 , queue= 2368 , depth=  9
it= 1922 , queue= 2368 , depth=  9
it= 1923 , queue= 2369 , depth=  9
it= 1924 , queue= 2370 , depth=  9
it= 1925 , queue= 2370 , depth=  9
it= 1926 , queue= 2370 , depth=  9
it= 1927 , queue= 2370 , depth=  9
it= 1928 , queue= 2370 , depth=  9
it= 1929 , queue= 2370 , depth=  9
it= 1930 , queue= 2372 , depth=  9
it= 1931 , queue= 2374 , depth=  9
it= 1932 , queue= 2374 , depth=  9
it= 1933 , queue= 2376 , depth=  9
it= 1934 , queue= 2376 , depth=  9
it= 1935 , queue= 2376 , depth=  9
it= 1936 , queue= 2376 , depth=  9
it= 1937 , queue= 2376 , depth=  9
it= 1938 , queue= 2376 , depth=  9
it= 1939 , queue= 2376 , depth=  9
it= 1940 , queue= 2376 , depth=  9
it= 1941 , queue= 2376 , depth=  9
it= 1942 , queue= 2376 , depth=  9
it= 1943 , queue= 2377 , depth=  9
it= 1944 , queue= 2378 , depth=  9
it= 1945 , queue= 2379 , depth=  9
it= 1946 , queue= 2379 , depth=  9
it= 1947 , queue= 2379 , depth=  9
it= 1948 , queue= 2379 , depth=  9
it= 1949 , queue= 2379 , depth=  9
it= 1950 , queue= 2380 , depth=  9
it= 1951 , queue= 2382 , depth=  9
it= 1952 , queue= 2383 , depth=  9
it= 1953 , queue= 2383 , depth=  9
it= 1954 , queue= 2383 , depth=  9
it= 1955 , queue= 2383 , depth=  9
it= 1956 , queue= 2384 , depth=  9
it= 1957 , queue= 2385 , depth=  9
it= 1958 , queue= 2385 , depth=  9
it= 1959 , queue= 2385 , depth=  9
it= 1960 , queue= 2385 , depth=  9
it= 1961 , queue= 2385 , depth=  9
it= 1962 , queue= 2385 , depth=  9
it= 1963 , queue= 2386 , depth=  9
it= 1964 , queue= 2386 , depth=  9
it= 1965 , queue= 2386 , depth=  9
it= 1966 , queue= 2386 , depth=  9
it= 1967 , queue= 2386 , depth=  9
it= 1968 , queue= 2386 , depth=  9
it= 1969 , queue= 2386 , depth=  9
it= 1970 , queue= 2386 , depth=  9
it= 1971 , queue= 2386 , depth=  9
it= 1972 , queue= 2386 , depth=  9
it= 1973 , queue= 2386 , depth=  9
it= 1974 , queue= 2388 , depth=  9
it= 1975 , queue= 2388 , depth=  9
it= 1976 , queue= 2388 , depth=  9
it= 1977 , queue= 2388 , depth=  9
it= 1978 , queue= 2388 , depth=  9
it= 1979 , queue= 2388 , depth=  9
it= 1980 , queue= 2388 , depth=  9
it= 1981 , queue= 2388 , depth=  9
it= 1982 , queue= 2389 , depth=  9
it= 1983 , queue= 2389 , depth=  9
it= 1984 , queue= 2389 , depth=  9
it= 1985 , queue= 2390 , depth=  9
it= 1986 , queue= 2391 , depth=  9
it= 1987 , queue= 2391 , depth=  9
it= 1988 , queue= 2391 , depth=  9
it= 1989 , queue= 2392 , depth=  9
it= 1990 , queue= 2393 , depth=  9
it= 1991 , queue= 2393 , depth=  9
it= 1992 , queue= 2393 , depth=  9
it= 1993 , queue= 2393 , depth=  9
it= 1994 , queue= 2393 , depth=  9
it= 1995 , queue= 2393 , depth=  9
it= 1996 , queue= 2393 , depth=  9
it= 1997 , queue= 2393 , depth=  9
it= 1998 , queue= 2393 , depth=  9
it= 1999 , queue= 2393 , depth=  9
it= 2000 , queue= 2393 , depth=  9
it= 2001 , queue= 2393 , depth=  9
it= 2002 , queue= 2394 , depth=  9
it= 2003 , queue= 2395 , depth=  9
it= 2004 , queue= 2395 , depth=  9
it= 2005 , queue= 2395 , depth=  9
it= 2006 , queue= 2396 , depth=  9
it= 2007 , queue= 2397 , depth=  9
it= 2008 , queue= 2397 , depth=  9
it= 2009 , queue= 2397 , depth=  9
it= 2010 , queue= 2397 , depth=  9
it= 2011 , queue= 2397 , depth=  9
it= 2012 , queue= 2397 , depth=  9
it= 2013 , queue= 2397 , depth=  9
it= 2014 , queue= 2397 , depth=  9
it= 2015 , queue= 2398 , depth=  9
it= 2016 , queue= 2399 , depth=  9
it= 2017 , queue= 2399 , depth=  9
it= 2018 , queue= 2399 , depth=  9
it= 2019 , queue= 2400 , depth=  9
it= 2020 , queue= 2401 , depth=  9
it= 2021 , queue= 2401 , depth=  9
it= 2022 , queue= 2401 , depth=  9
it= 2023 , queue= 2402 , depth=  9
it= 2024 , queue= 2403 , depth=  9
it= 2025 , queue= 2403 , depth=  9
it= 2026 , queue= 2403 , depth=  9
it= 2027 , queue= 2403 , depth=  9
it= 2028 , queue= 2404 , depth=  9
it= 2029 , queue= 2405 , depth=  9
it= 2030 , queue= 2405 , depth=  9
it= 2031 , queue= 2405 , depth=  9
it= 2032 , queue= 2405 , depth=  9
it= 2033 , queue= 2407 , depth=  9
it= 2034 , queue= 2407 , depth=  9
it= 2035 , queue= 2408 , depth=  9
it= 2036 , queue= 2408 , depth=  9
it= 2037 , queue= 2408 , depth=  9
it= 2038 , queue= 2408 , depth=  9
it= 2039 , queue= 2408 , depth=  9
it= 2040 , queue= 2408 , depth=  9
it= 2041 , queue= 2408 , depth=  9
it= 2042 , queue= 2408 , depth=  9
it= 2043 , queue= 2408 , depth=  9
it= 2044 , queue= 2408 , depth=  9
it= 2045 , queue= 2408 , depth=  9
it= 2046 , queue= 2408 , depth=  9
it= 2047 , queue= 2408 , depth=  9
it= 2048 , queue= 2408 , depth=  9
it= 2049 , queue= 2408 , depth=  9
it= 2050 , queue= 2410 , depth=  9
it= 2051 , queue= 2412 , depth=  9
it= 2052 , queue= 2414 , depth=  9
it= 2053 , queue= 2414 , depth=  9
it= 2054 , queue= 2414 , depth=  9
it= 2055 , queue= 2414 , depth=  9
it= 2056 , queue= 2416 , depth=  9
it= 2057 , queue= 2416 , depth=  9
it= 2058 , queue= 2416 , depth=  9
it= 2059 , queue= 2417 , depth=  9
it= 2060 , queue= 2417 , depth=  9
it= 2061 , queue= 2417 , depth=  9
it= 2062 , queue= 2418 , depth=  9
it= 2063 , queue= 2419 , depth=  9
it= 2064 , queue= 2419 , depth=  9
it= 2065 , queue= 2420 , depth=  9
it= 2066 , queue= 2420 , depth=  9
it= 2067 , queue= 2422 , depth=  9
it= 2068 , queue= 2423 , depth=  9
it= 2069 , queue= 2424 , depth=  9
it= 2070 , queue= 2425 , depth=  9
it= 2071 , queue= 2425 , depth=  9
it= 2072 , queue= 2426 , depth=  9
it= 2073 , queue= 2426 , depth=  9
it= 2074 , queue= 2426 , depth=  9
it= 2075 , queue= 2426 , depth=  9
it= 2076 , queue= 2426 , depth=  9
it= 2077 , queue= 2426 , depth=  9
it= 2078 , queue= 2427 , depth=  9
it= 2079 , queue= 2427 , depth=  9
it= 2080 , queue= 2427 , depth=  9
it= 2081 , queue= 2429 , depth=  9
it= 2082 , queue= 2430 , depth=  9
it= 2083 , queue= 2430 , depth=  9
it= 2084 , queue= 2430 , depth=  9
it= 2085 , queue= 2431 , depth=  9
it= 2086 , queue= 2431 , depth=  9
it= 2087 , queue= 2431 , depth=  9
it= 2088 , queue= 2431 , depth=  9
it= 2089 , queue= 2431 , depth=  9
it= 2090 , queue= 2433 , depth=  9
it= 2091 , queue= 2433 , depth=  9
it= 2092 , queue= 2435 , depth=  9
it= 2093 , queue= 2437 , depth=  9
it= 2094 , queue= 2438 , depth=  9
it= 2095 , queue= 2438 , depth=  9
it= 2096 , queue= 2438 , depth=  9
it= 2097 , queue= 2438 , depth=  9
it= 2098 , queue= 2439 , depth=  9
it= 2099 , queue= 2439 , depth=  9
it= 2100 , queue= 2439 , depth=  9
it= 2101 , queue= 2440 , depth=  9
it= 2102 , queue= 2440 , depth=  9
it= 2103 , queue= 2440 , depth=  9
it= 2104 , queue= 2440 , depth=  9
it= 2105 , queue= 2440 , depth=  9
it= 2106 , queue= 2441 , depth=  9
it= 2107 , queue= 2441 , depth=  9
it= 2108 , queue= 2441 , depth=  9
it= 2109 , queue= 2441 , depth=  9
it= 2110 , queue= 2441 , depth=  9
it= 2111 , queue= 2441 , depth=  9
it= 2112 , queue= 2441 , depth=  9
it= 2113 , queue= 2441 , depth=  9
it= 2114 , queue= 2442 , depth=  9
it= 2115 , queue= 2442 , depth=  9
it= 2116 , queue= 2442 , depth=  9
it= 2117 , queue= 2442 , depth=  9
it= 2118 , queue= 2442 , depth=  9
it= 2119 , queue= 2443 , depth=  9
it= 2120 , queue= 2445 , depth=  9
it= 2121 , queue= 2446 , depth=  9
it= 2122 , queue= 2447 , depth=  9
it= 2123 , queue= 2447 , depth=  9
it= 2124 , queue= 2447 , depth=  9
it= 2125 , queue= 2447 , depth=  9
it= 2126 , queue= 2447 , depth=  9
it= 2127 , queue= 2448 , depth=  9
it= 2128 , queue= 2449 , depth=  9
it= 2129 , queue= 2449 , depth=  9
it= 2130 , queue= 2449 , depth=  9
it= 2131 , queue= 2449 , depth=  9
it= 2132 , queue= 2449 , depth=  9
it= 2133 , queue= 2449 , depth=  9
it= 2134 , queue= 2449 , depth=  9
it= 2135 , queue= 2449 , depth=  9
it= 2136 , queue= 2449 , depth=  9
it= 2137 , queue= 2449 , depth=  9
it= 2138 , queue= 2449 , depth=  9
it= 2139 , queue= 2451 , depth=  9
it= 2140 , queue= 2451 , depth=  9
it= 2141 , queue= 2451 , depth=  9
it= 2142 , queue= 2451 , depth=  9
it= 2143 , queue= 2451 , depth=  9
it= 2144 , queue= 2451 , depth=  9
it= 2145 , queue= 2451 , depth=  9
it= 2146 , queue= 2451 , depth=  9
it= 2147 , queue= 2451 , depth=  9
it= 2148 , queue= 2451 , depth=  9
it= 2149 , queue= 2451 , depth=  9
it= 2150 , queue= 2451 , depth=  9
it= 2151 , queue= 2451 , depth=  9
it= 2152 , queue= 2451 , depth=  9
it= 2153 , queue= 2451 , depth=  9
it= 2154 , queue= 2451 , depth=  9
it= 2155 , queue= 2453 , depth=  9
it= 2156 , queue= 2453 , depth=  9
it= 2157 , queue= 2453 , depth=  9
it= 2158 , queue= 2453 , depth=  9
it= 2159 , queue= 2453 , depth=  9
it= 2160 , queue= 2453 , depth=  9
it= 2161 , queue= 2453 , depth=  9
it= 2162 , queue= 2453 , depth=  9
it= 2163 , queue= 2453 , depth=  9
it= 2164 , queue= 2454 , depth=  9
it= 2165 , queue= 2455 , depth=  9
it= 2166 , queue= 2455 , depth=  9
it= 2167 , queue= 2455 , depth=  9
it= 2168 , queue= 2456 , depth=  9
it= 2169 , queue= 2457 , depth=  9
it= 2170 , queue= 2458 , depth=  9
it= 2171 , queue= 2458 , depth=  9
it= 2172 , queue= 2459 , depth=  9
it= 2173 , queue= 2459 , depth=  9
it= 2174 , queue= 2459 , depth=  9
it= 2175 , queue= 2459 , depth=  9
it= 2176 , queue= 2459 , depth=  9
it= 2177 , queue= 2459 , depth=  9
it= 2178 , queue= 2459 , depth=  9
it= 2179 , queue= 2459 , depth=  9
it= 2180 , queue= 2460 , depth=  9
it= 2181 , queue= 2460 , depth=  9
it= 2182 , queue= 2461 , depth=  9
it= 2183 , queue= 2462 , depth=  9
it= 2184 , queue= 2462 , depth=  9
it= 2185 , queue= 2462 , depth=  9
it= 2186 , queue= 2462 , depth=  9
it= 2187 , queue= 2462 , depth=  9
it= 2188 , queue= 2464 , depth=  9
it= 2189 , queue= 2465 , depth=  9
it= 2190 , queue= 2466 , depth=  9
it= 2191 , queue= 2466 , depth=  9
it= 2192 , queue= 2466 , depth=  9
it= 2193 , queue= 2467 , depth=  9
it= 2194 , queue= 2467 , depth=  9
it= 2195 , queue= 2467 , depth=  9
it= 2196 , queue= 2468 , depth=  9
it= 2197 , queue= 2468 , depth=  9
it= 2198 , queue= 2469 , depth=  9
it= 2199 , queue= 2469 , depth=  9
it= 2200 , queue= 2469 , depth=  9
it= 2201 , queue= 2469 , depth=  9
it= 2202 , queue= 2470 , depth=  9
it= 2203 , queue= 2471 , depth=  9
it= 2204 , queue= 2471 , depth=  9
it= 2205 , queue= 2471 , depth=  9
it= 2206 , queue= 2471 , depth=  9
it= 2207 , queue= 2471 , depth=  9
it= 2208 , queue= 2472 , depth=  9
it= 2209 , queue= 2472 , depth=  9
it= 2210 , queue= 2472 , depth=  9
it= 2211 , queue= 2473 , depth=  9
it= 2212 , queue= 2473 , depth=  9
it= 2213 , queue= 2473 , depth=  9
it= 2214 , queue= 2473 , depth=  9
it= 2215 , queue= 2473 , depth=  9
it= 2216 , queue= 2474 , depth=  9
it= 2217 , queue= 2475 , depth=  9
it= 2218 , queue= 2476 , depth=  9
it= 2219 , queue= 2477 , depth=  9
it= 2220 , queue= 2477 , depth=  9
it= 2221 , queue= 2477 , depth=  9
it= 2222 , queue= 2477 , depth=  9
it= 2223 , queue= 2477 , depth=  9
it= 2224 , queue= 2477 , depth=  9
it= 2225 , queue= 2477 , depth=  9
it= 2226 , queue= 2477 , depth=  9
it= 2227 , queue= 2477 , depth=  9
it= 2228 , queue= 2479 , depth=  9
it= 2229 , queue= 2480 , depth=  9
it= 2230 , queue= 2481 , depth=  9
it= 2231 , queue= 2481 , depth=  9
it= 2232 , queue= 2481 , depth=  9
it= 2233 , queue= 2481 , depth=  9
it= 2234 , queue= 2481 , depth=  9
it= 2235 , queue= 2481 , depth=  9
it= 2236 , queue= 2481 , depth=  9
it= 2237 , queue= 2481 , depth=  9
it= 2238 , queue= 2481 , depth=  9
it= 2239 , queue= 2481 , depth=  9
it= 2240 , queue= 2481 , depth=  9
it= 2241 , queue= 2481 , depth=  9
it= 2242 , queue= 2481 , depth=  9
it= 2243 , queue= 2481 , depth=  9
it= 2244 , queue= 2481 , depth=  9
it= 2245 , queue= 2482 , depth=  9
it= 2246 , queue= 2483 , depth=  9
it= 2247 , queue= 2483 , depth=  9
it= 2248 , queue= 2483 , depth=  9
it= 2249 , queue= 2484 , depth=  9
it= 2250 , queue= 2484 , depth=  9
it= 2251 , queue= 2484 , depth=  9
it= 2252 , queue= 2485 , depth=  9
it= 2253 , queue= 2486 , depth=  9
it= 2254 , queue= 2487 , depth=  9
it= 2255 , queue= 2488 , depth=  9
it= 2256 , queue= 2488 , depth=  9
it= 2257 , queue= 2489 , depth=  9
it= 2258 , queue= 2489 , depth=  9
it= 2259 , queue= 2489 , depth=  9
it= 2260 , queue= 2489 , depth=  9
it= 2261 , queue= 2489 , depth=  9
it= 2262 , queue= 2489 , depth=  9
it= 2263 , queue= 2491 , depth=  9
it= 2264 , queue= 2492 , depth=  10
it= 2265 , queue= 2492 , depth=  10
it= 2266 , queue= 2492 , depth=  10
it= 2267 , queue= 2492 , depth=  10
it= 2268 , queue= 2492 , depth=  10
it= 2269 , queue= 2492 , depth=  10
it= 2270 , queue= 2492 , depth=  10
it= 2271 , queue= 2493 , depth=  10
it= 2272 , queue= 2493 , depth=  10
it= 2273 , queue= 2493 , depth=  10
it= 2274 , queue= 2493 , depth=  10
it= 2275 , queue= 2493 , depth=  10
it= 2276 , queue= 2493 , depth=  10
it= 2277 , queue= 2493 , depth=  10
it= 2278 , queue= 2493 , depth=  10
it= 2279 , queue= 2493 , depth=  10
it= 2280 , queue= 2493 , depth=  10
it= 2281 , queue= 2493 , depth=  10
it= 2282 , queue= 2494 , depth=  10
it= 2283 , queue= 2494 , depth=  10
it= 2284 , queue= 2494 , depth=  10
it= 2285 , queue= 2494 , depth=  10
it= 2286 , queue= 2494 , depth=  10
it= 2287 , queue= 2494 , depth=  10
it= 2288 , queue= 2494 , depth=  10
it= 2289 , queue= 2495 , depth=  10
it= 2290 , queue= 2495 , depth=  10
it= 2291 , queue= 2496 , depth=  10
it= 2292 , queue= 2496 , depth=  10
it= 2293 , queue= 2496 , depth=  10
it= 2294 , queue= 2496 , depth=  10
it= 2295 , queue= 2496 , depth=  10
it= 2296 , queue= 2496 , depth=  10
it= 2297 , queue= 2496 , depth=  10
it= 2298 , queue= 2497 , depth=  10
it= 2299 , queue= 2497 , depth=  10
it= 2300 , queue= 2497 , depth=  10
it= 2301 , queue= 2497 , depth=  10
it= 2302 , queue= 2497 , depth=  10
it= 2303 , queue= 2497 , depth=  10
it= 2304 , queue= 2497 , depth=  10
it= 2305 , queue= 2498 , depth=  10
it= 2306 , queue= 2498 , depth=  10
it= 2307 , queue= 2498 , depth=  10
it= 2308 , queue= 2498 , depth=  10
it= 2309 , queue= 2498 , depth=  10
it= 2310 , queue= 2498 , depth=  10
it= 2311 , queue= 2498 , depth=  10
it= 2312 , queue= 2498 , depth=  10
it= 2313 , queue= 2498 , depth=  10
it= 2314 , queue= 2498 , depth=  10
it= 2315 , queue= 2499 , depth=  10
it= 2316 , queue= 2499 , depth=  10
it= 2317 , queue= 2499 , depth=  10
it= 2318 , queue= 2499 , depth=  10
it= 2319 , queue= 2499 , depth=  10
it= 2320 , queue= 2499 , depth=  10
it= 2321 , queue= 2499 , depth=  10
it= 2322 , queue= 2499 , depth=  10
it= 2323 , queue= 2499 , depth=  10
it= 2324 , queue= 2499 , depth=  10
it= 2325 , queue= 2499 , depth=  10
it= 2326 , queue= 2499 , depth=  10
it= 2327 , queue= 2500 , depth=  10
it= 2328 , queue= 2500 , depth=  10
it= 2329 , queue= 2502 , depth=  10
it= 2330 , queue= 2502 , depth=  10
it= 2331 , queue= 2502 , depth=  10
it= 2332 , queue= 2502 , depth=  10
it= 2333 , queue= 2502 , depth=  10
it= 2334 , queue= 2502 , depth=  10
it= 2335 , queue= 2504 , depth=  10
it= 2336 , queue= 2504 , depth=  10
success! depth= 10 , total_goal_tests= 2337 , max_queue_size= 2504
solution path:
1 | B 
2 | C E 
3 | A D 

1 | 
2 | C E B 
3 | A D 

1 | 
2 | C E B D 
3 | A 

1 | A 
2 | C E B D 
3 | 

1 | A 
2 | C E B 
3 | D 

1 | A B 
2 | C E 
3 | D 

1 | A B 
2 | C 
3 | D E 

1 | A B C 
2 | 
3 | D E 

1 | A B C 
2 | E 
3 | D 

1 | A B C D 
2 | E 
3 | 

1 | A B C D E 
2 | 
3 | 

