initial state:
1 | B 
2 | C E 
3 | A D 

it= 0 , queue= 0 , f=g+h= 14 , depth=  0
it= 1 , queue= 5 , f=g+h= 13 , depth=  1
it= 2 , queue= 8 , f=g+h= 12 , depth=  2
it= 3 , queue= 11 , f=g+h= 11 , depth=  3
it= 4 , queue= 12 , f=g+h= 11 , depth=  4
it= 5 , queue= 13 , f=g+h= 13 , depth=  1
it= 6 , queue= 16 , f=g+h= 13 , depth=  3
it= 7 , queue= 17 , f=g+h= 13 , depth=  3
it= 8 , queue= 18 , f=g+h= 13 , depth=  5
it= 9 , queue= 19 , f=g+h= 13 , depth=  2
it= 10 , queue= 20 , f=g+h= 13 , depth=  3
it= 11 , queue= 21 , f=g+h= 11 , depth=  4
it= 12 , queue= 22 , f=g+h= 11 , depth=  5
it= 13 , queue= 21 , f=g+h= 13 , depth=  5
it= 14 , queue= 22 , f=g+h= 14 , depth=  1
it= 15 , queue= 25 , f=g+h= 12 , depth=  2
it= 16 , queue= 26 , f=g+h= 9 , depth=  3
it= 17 , queue= 27 , f=g+h= 9 , depth=  4
it= 18 , queue= 28 , f=g+h= 12 , depth=  2
it= 19 , queue= 31 , f=g+h= 11 , depth=  3
it= 20 , queue= 32 , f=g+h= 11 , depth=  4
it= 21 , queue= 33 , f=g+h= 12 , depth=  4
it= 22 , queue= 32 , f=g+h= 13 , depth=  3
it= 23 , queue= 35 , f=g+h= 13 , depth=  5
it= 24 , queue= 36 , f=g+h= 13 , depth=  3
it= 25 , queue= 36 , f=g+h= 13 , depth=  3
it= 26 , queue= 37 , f=g+h= 13 , depth=  5
it= 27 , queue= 38 , f=g+h= 14 , depth=  2
it= 28 , queue= 39 , f=g+h= 12 , depth=  3
it= 29 , queue= 40 , f=g+h= 12 , depth=  4
it= 30 , queue= 39 , f=g+h= 14 , depth=  3
it= 31 , queue= 40 , f=g+h= 14 , depth=  4
it= 32 , queue= 39 , f=g+h= 14 , depth=  2
it= 33 , queue= 40 , f=g+h= 14 , depth=  2
it= 34 , queue= 43 , f=g+h= 14 , depth=  3
it= 35 , queue= 44 , f=g+h= 14 , depth=  4
it= 36 , queue= 43 , f=g+h= 14 , depth=  4
it= 37 , queue= 44 , f=g+h= 14 , depth=  4
it= 38 , queue= 45 , f=g+h= 14 , depth=  4
it= 39 , queue= 44 , f=g+h= 14 , depth=  4
it= 40 , queue= 43 , f=g+h= 15 , depth=  1
it= 41 , queue= 46 , f=g+h= 14 , depth=  2
it= 42 , queue= 47 , f=g+h= 13 , depth=  3
it= 43 , queue= 48 , f=g+h= 10 , depth=  4
it= 44 , queue= 49 , f=g+h= 10 , depth=  5
it= 45 , queue= 50 , f=g+h= 13 , depth=  5
it= 46 , queue= 49 , f=g+h= 14 , depth=  4
it= 47 , queue= 52 , f=g+h= 14 , depth=  6
it= 48 , queue= 53 , f=g+h= 15 , depth=  2
it= 49 , queue= 55 , f=g+h= 13 , depth=  3
it= 50 , queue= 56 , f=g+h= 10 , depth=  4
it= 51 , queue= 57 , f=g+h= 10 , depth=  5
it= 52 , queue= 58 , f=g+h= 13 , depth=  5
it= 53 , queue= 57 , f=g+h= 14 , depth=  4
it= 54 , queue= 59 , f=g+h= 14 , depth=  6
it= 55 , queue= 60 , f=g+h= 15 , depth=  2
it= 56 , queue= 61 , f=g+h= 15 , depth=  5
it= 57 , queue= 62 , f=g+h= 15 , depth=  2
it= 58 , queue= 63 , f=g+h= 15 , depth=  4
it= 59 , queue= 64 , f=g+h= 15 , depth=  6
it= 60 , queue= 65 , f=g+h= 15 , depth=  5
it= 61 , queue= 67 , f=g+h= 15 , depth=  5
it= 62 , queue= 68 , f=g+h= 15 , depth=  4
it= 63 , queue= 68 , f=g+h= 13 , depth=  5
it= 64 , queue= 67 , f=g+h= 15 , depth=  6
it= 65 , queue= 68 , f=g+h= 15 , depth=  4
it= 66 , queue= 69 , f=g+h= 15 , depth=  6
it= 67 , queue= 70 , f=g+h= 15 , depth=  3
it= 68 , queue= 71 , f=g+h= 15 , depth=  3
it= 69 , queue= 74 , f=g+h= 15 , depth=  3
it= 70 , queue= 75 , f=g+h= 13 , depth=  4
it= 71 , queue= 76 , f=g+h= 13 , depth=  5
it= 72 , queue= 75 , f=g+h= 15 , depth=  5
it= 73 , queue= 76 , f=g+h= 15 , depth=  3
it= 74 , queue= 77 , f=g+h= 15 , depth=  5
it= 75 , queue= 78 , f=g+h= 15 , depth=  3
it= 76 , queue= 79 , f=g+h= 15 , depth=  5
it= 77 , queue= 80 , f=g+h= 15 , depth=  7
it= 78 , queue= 81 , f=g+h= 15 , depth=  7
it= 79 , queue= 82 , f=g+h= 15 , depth=  5
it= 80 , queue= 83 , f=g+h= 15 , depth=  7
it= 81 , queue= 84 , f=g+h= 15 , depth=  4
it= 82 , queue= 85 , f=g+h= 15 , depth=  5
it= 83 , queue= 86 , f=g+h= 15 , depth=  5
it= 84 , queue= 87 , f=g+h= 13 , depth=  6
it= 85 , queue= 88 , f=g+h= 13 , depth=  7
it= 86 , queue= 87 , f=g+h= 15 , depth=  7
it= 87 , queue= 88 , f=g+h= 16 , depth=  1
it= 88 , queue= 89 , f=g+h= 14 , depth=  2
it= 89 , queue= 90 , f=g+h= 13 , depth=  3
it= 90 , queue= 91 , f=g+h= 15 , depth=  4
it= 91 , queue= 92 , f=g+h= 15 , depth=  5
it= 92 , queue= 93 , f=g+h= 13 , depth=  6
it= 93 , queue= 94 , f=g+h= 13 , depth=  7
it= 94 , queue= 93 , f=g+h= 15 , depth=  7
it= 95 , queue= 94 , f=g+h= 16 , depth=  2
it= 96 , queue= 95 , f=g+h= 15 , depth=  3
it= 97 , queue= 96 , f=g+h= 13 , depth=  4
it= 98 , queue= 97 , f=g+h= 13 , depth=  5
it= 99 , queue= 98 , f=g+h= 11 , depth=  6
it= 100 , queue= 99 , f=g+h= 11 , depth=  7
it= 101 , queue= 98 , f=g+h= 13 , depth=  7
it= 102 , queue= 99 , f=g+h= 16 , depth=  2
it= 103 , queue= 100 , f=g+h= 16 , depth=  4
it= 104 , queue= 101 , f=g+h= 16 , depth=  4
it= 105 , queue= 103 , f=g+h= 15 , depth=  5
it= 106 , queue= 104 , f=g+h= 10 , depth=  6
it= 107 , queue= 103 , f=g+h= 15 , depth=  6
it= 108 , queue= 103 , f=g+h= 16 , depth=  4
it= 109 , queue= 106 , f=g+h= 16 , depth=  4
it= 110 , queue= 107 , f=g+h= 16 , depth=  4
it= 111 , queue= 106 , f=g+h= 16 , depth=  3
it= 112 , queue= 107 , f=g+h= 16 , depth=  4
it= 113 , queue= 106 , f=g+h= 16 , depth=  5
it= 114 , queue= 107 , f=g+h= 16 , depth=  2
it= 115 , queue= 108 , f=g+h= 16 , depth=  2
it= 116 , queue= 109 , f=g+h= 16 , depth=  3
it= 117 , queue= 111 , f=g+h= 14 , depth=  4
it= 118 , queue= 114 , f=g+h= 11 , depth=  5
it= 119 , queue= 115 , f=g+h= 11 , depth=  6
it= 120 , queue= 116 , f=g+h= 14 , depth=  6
it= 121 , queue= 115 , f=g+h= 15 , depth=  5
it= 122 , queue= 115 , f=g+h= 15 , depth=  5
it= 123 , queue= 116 , f=g+h= 15 , depth=  7
it= 124 , queue= 117 , f=g+h= 16 , depth=  6
it= 125 , queue= 119 , f=g+h= 16 , depth=  5
it= 126 , queue= 119 , f=g+h= 14 , depth=  6
it= 127 , queue= 118 , f=g+h= 16 , depth=  7
it= 128 , queue= 119 , f=g+h= 16 , depth=  6
it= 129 , queue= 121 , f=g+h= 16 , depth=  5
it= 130 , queue= 121 , f=g+h= 12 , depth=  6
it= 131 , queue= 120 , f=g+h= 16 , depth=  7
it= 132 , queue= 121 , f=g+h= 16 , depth=  4
it= 133 , queue= 122 , f=g+h= 16 , depth=  2
it= 134 , queue= 124 , f=g+h= 15 , depth=  3
it= 135 , queue= 127 , f=g+h= 14 , depth=  4
it= 136 , queue= 130 , f=g+h= 13 , depth=  5
it= 137 , queue= 131 , f=g+h= 13 , depth=  6
it= 138 , queue= 132 , f=g+h= 15 , depth=  5
it= 139 , queue= 133 , f=g+h= 15 , depth=  5
it= 140 , queue= 134 , f=g+h= 15 , depth=  7
it= 141 , queue= 135 , f=g+h= 16 , depth=  4
it= 142 , queue= 135 , f=g+h= 16 , depth=  6
it= 143 , queue= 138 , f=g+h= 15 , depth=  7
it= 144 , queue= 139 , f=g+h= 10 , depth=  8
it= 145 , queue= 138 , f=g+h= 15 , depth=  8
it= 146 , queue= 138 , f=g+h= 16 , depth=  4
it= 147 , queue= 139 , f=g+h= 16 , depth=  6
it= 148 , queue= 140 , f=g+h= 16 , depth=  3
it= 149 , queue= 141 , f=g+h= 14 , depth=  4
it= 150 , queue= 142 , f=g+h= 13 , depth=  5
it= 151 , queue= 143 , f=g+h= 15 , depth=  6
it= 152 , queue= 144 , f=g+h= 15 , depth=  7
it= 153 , queue= 145 , f=g+h= 16 , depth=  4
it= 154 , queue= 148 , f=g+h= 16 , depth=  5
it= 155 , queue= 149 , f=g+h= 12 , depth=  6
it= 156 , queue= 148 , f=g+h= 16 , depth=  8
it= 157 , queue= 149 , f=g+h= 16 , depth=  3
it= 158 , queue= 150 , f=g+h= 16 , depth=  4
it= 159 , queue= 151 , f=g+h= 14 , depth=  5
it= 160 , queue= 152 , f=g+h= 14 , depth=  6
it= 161 , queue= 151 , f=g+h= 16 , depth=  5
it= 162 , queue= 152 , f=g+h= 16 , depth=  6
it= 163 , queue= 151 , f=g+h= 16 , depth=  4
it= 164 , queue= 154 , f=g+h= 16 , depth=  4
it= 165 , queue= 155 , f=g+h= 14 , depth=  5
it= 166 , queue= 156 , f=g+h= 14 , depth=  6
it= 167 , queue= 155 , f=g+h= 16 , depth=  6
it= 168 , queue= 156 , f=g+h= 16 , depth=  6
it= 169 , queue= 155 , f=g+h= 16 , depth=  5
it= 170 , queue= 156 , f=g+h= 16 , depth=  6
it= 171 , queue= 157 , f=g+h= 16 , depth=  6
it= 172 , queue= 158 , f=g+h= 17 , depth=  1
it= 173 , queue= 159 , f=g+h= 17 , depth=  4
it= 174 , queue= 158 , f=g+h= 17 , depth=  3
it= 175 , queue= 159 , f=g+h= 17 , depth=  4
it= 176 , queue= 159 , f=g+h= 17 , depth=  3
it= 177 , queue= 161 , f=g+h= 16 , depth=  4
it= 178 , queue= 162 , f=g+h= 11 , depth=  5
it= 179 , queue= 161 , f=g+h= 16 , depth=  5
it= 180 , queue= 161 , f=g+h= 17 , depth=  3
it= 181 , queue= 162 , f=g+h= 17 , depth=  3
it= 182 , queue= 163 , f=g+h= 17 , depth=  5
it= 183 , queue= 165 , f=g+h= 17 , depth=  3
it= 184 , queue= 167 , f=g+h= 17 , depth=  5
it= 185 , queue= 168 , f=g+h= 17 , depth=  3
it= 186 , queue= 169 , f=g+h= 17 , depth=  3
it= 187 , queue= 170 , f=g+h= 17 , depth=  4
it= 188 , queue= 171 , f=g+h= 17 , depth=  4
it= 189 , queue= 172 , f=g+h= 17 , depth=  6
it= 190 , queue= 173 , f=g+h= 17 , depth=  6
it= 191 , queue= 174 , f=g+h= 17 , depth=  5
it= 192 , queue= 174 , f=g+h= 17 , depth=  5
it= 193 , queue= 175 , f=g+h= 16 , depth=  6
it= 194 , queue= 178 , f=g+h= 12 , depth=  7
it= 195 , queue= 179 , f=g+h= 12 , depth=  8
it= 196 , queue= 178 , f=g+h= 14 , depth=  8
it= 197 , queue= 179 , f=g+h= 15 , depth=  7
it= 198 , queue= 180 , f=g+h= 12 , depth=  8
it= 199 , queue= 179 , f=g+h= 15 , depth=  7
it= 200 , queue= 179 , f=g+h= 15 , depth=  8
it= 201 , queue= 179 , f=g+h= 17 , depth=  5
it= 202 , queue= 180 , f=g+h= 17 , depth=  5
it= 203 , queue= 181 , f=g+h= 17 , depth=  7
it= 204 , queue= 182 , f=g+h= 17 , depth=  5
it= 205 , queue= 185 , f=g+h= 17 , depth=  5
it= 206 , queue= 185 , f=g+h= 17 , depth=  5
it= 207 , queue= 186 , f=g+h= 17 , depth=  3
it= 208 , queue= 188 , f=g+h= 16 , depth=  4
it= 209 , queue= 191 , f=g+h= 16 , depth=  4
it= 210 , queue= 194 , f=g+h= 15 , depth=  5
it= 211 , queue= 195 , f=g+h= 14 , depth=  6
it= 212 , queue= 196 , f=g+h= 16 , depth=  5
it= 213 , queue= 197 , f=g+h= 16 , depth=  7
it= 214 , queue= 198 , f=g+h= 16 , depth=  6
it= 215 , queue= 199 , f=g+h= 16 , depth=  8
it= 216 , queue= 200 , f=g+h= 17 , depth=  7
it= 217 , queue= 201 , f=g+h= 17 , depth=  6
it= 218 , queue= 202 , f=g+h= 17 , depth=  8
it= 219 , queue= 203 , f=g+h= 17 , depth=  4
it= 220 , queue= 205 , f=g+h= 15 , depth=  5
it= 221 , queue= 206 , f=g+h= 12 , depth=  6
it= 222 , queue= 207 , f=g+h= 12 , depth=  7
it= 223 , queue= 208 , f=g+h= 15 , depth=  7
it= 224 , queue= 207 , f=g+h= 16 , depth=  6
it= 225 , queue= 209 , f=g+h= 16 , depth=  8
it= 226 , queue= 210 , f=g+h= 17 , depth=  4
it= 227 , queue= 211 , f=g+h= 17 , depth=  7
it= 228 , queue= 212 , f=g+h= 17 , depth=  6
it= 229 , queue= 213 , f=g+h= 17 , depth=  8
it= 230 , queue= 214 , f=g+h= 17 , depth=  7
it= 231 , queue= 215 , f=g+h= 17 , depth=  9
it= 232 , queue= 216 , f=g+h= 17 , depth=  8
it= 233 , queue= 217 , f=g+h= 17 , depth=  5
it= 234 , queue= 220 , f=g+h= 17 , depth=  5
it= 235 , queue= 221 , f=g+h= 15 , depth=  6
it= 236 , queue= 222 , f=g+h= 11 , depth=  7
it= 237 , queue= 221 , f=g+h= 17 , depth=  5
it= 238 , queue= 223 , f=g+h= 17 , depth=  2
it= 239 , queue= 224 , f=g+h= 17 , depth=  4
it= 240 , queue= 225 , f=g+h= 15 , depth=  5
it= 241 , queue= 226 , f=g+h= 16 , depth=  6
it= 242 , queue= 227 , f=g+h= 16 , depth=  6
it= 243 , queue= 230 , f=g+h= 16 , depth=  7
it= 244 , queue= 231 , f=g+h= 16 , depth=  8
it= 245 , queue= 232 , f=g+h= 17 , depth=  4
it= 246 , queue= 233 , f=g+h= 17 , depth=  7
it= 247 , queue= 234 , f=g+h= 17 , depth=  7
it= 248 , queue= 235 , f=g+h= 17 , depth=  8
it= 249 , queue= 234 , f=g+h= 17 , depth=  9
it= 250 , queue= 235 , f=g+h= 17 , depth=  6
it= 251 , queue= 236 , f=g+h= 17 , depth=  6
it= 252 , queue= 237 , f=g+h= 15 , depth=  7
it= 253 , queue= 236 , f=g+h= 17 , depth=  4
it= 254 , queue= 239 , f=g+h= 15 , depth=  5
it= 255 , queue= 240 , f=g+h= 12 , depth=  6
it= 256 , queue= 241 , f=g+h= 12 , depth=  7
it= 257 , queue= 242 , f=g+h= 15 , depth=  5
it= 258 , queue= 245 , f=g+h= 14 , depth=  6
it= 259 , queue= 246 , f=g+h= 14 , depth=  7
it= 260 , queue= 247 , f=g+h= 15 , depth=  7
it= 261 , queue= 246 , f=g+h= 16 , depth=  6
it= 262 , queue= 249 , f=g+h= 16 , depth=  8
it= 263 , queue= 250 , f=g+h= 16 , depth=  6
it= 264 , queue= 250 , f=g+h= 16 , depth=  6
it= 265 , queue= 251 , f=g+h= 16 , depth=  8
it= 266 , queue= 252 , f=g+h= 17 , depth=  5
it= 267 , queue= 255 , f=g+h= 16 , depth=  6
it= 268 , queue= 256 , f=g+h= 16 , depth=  7
it= 269 , queue= 257 , f=g+h= 17 , depth=  5
it= 270 , queue= 258 , f=g+h= 17 , depth=  5
it= 271 , queue= 259 , f=g+h= 17 , depth=  7
it= 272 , queue= 260 , f=g+h= 17 , depth=  9
it= 273 , queue= 259 , f=g+h= 17 , depth=  6
it= 274 , queue= 260 , f=g+h= 17 , depth=  7
it= 275 , queue= 261 , f=g+h= 17 , depth=  3
it= 276 , queue= 262 , f=g+h= 17 , depth=  5
it= 277 , queue= 263 , f=g+h= 17 , depth=  7
it= 278 , queue= 264 , f=g+h= 17 , depth=  5
it= 279 , queue= 265 , f=g+h= 17 , depth=  7
it= 280 , queue= 265 , f=g+h= 17 , depth=  5
it= 281 , queue= 265 , f=g+h= 17 , depth=  5
it= 282 , queue= 267 , f=g+h= 17 , depth=  6
it= 283 , queue= 268 , f=g+h= 17 , depth=  7
it= 284 , queue= 267 , f=g+h= 17 , depth=  7
it= 285 , queue= 268 , f=g+h= 17 , depth=  7
it= 286 , queue= 269 , f=g+h= 15 , depth=  8
it= 287 , queue= 270 , f=g+h= 11 , depth=  9
it= 288 , queue= 269 , f=g+h= 17 , depth=  8
it= 289 , queue= 270 , f=g+h= 15 , depth=  9
it= 290 , queue= 269 , f=g+h= 17 , depth=  7
it= 291 , queue= 268 , f=g+h= 17 , depth=  9
it= 292 , queue= 269 , f=g+h= 18 , depth=  4
it= 293 , queue= 269 , f=g+h= 18 , depth=  6
it= 294 , queue= 269 , f=g+h= 18 , depth=  6
it= 295 , queue= 269 , f=g+h= 18 , depth=  6
it= 296 , queue= 270 , f=g+h= 18 , depth=  6
it= 297 , queue= 270 , f=g+h= 18 , depth=  4
it= 298 , queue= 271 , f=g+h= 18 , depth=  6
it= 299 , queue= 271 , f=g+h= 18 , depth=  5
it= 300 , queue= 270 , f=g+h= 18 , depth=  6
it= 301 , queue= 271 , f=g+h= 18 , depth=  6
it= 302 , queue= 270 , f=g+h= 18 , depth=  6
it= 303 , queue= 270 , f=g+h= 18 , depth=  6
it= 304 , queue= 271 , f=g+h= 18 , depth=  4
it= 305 , queue= 272 , f=g+h= 17 , depth=  5
it= 306 , queue= 272 , f=g+h= 18 , depth=  4
it= 307 , queue= 273 , f=g+h= 18 , depth=  4
it= 308 , queue= 273 , f=g+h= 18 , depth=  4
it= 309 , queue= 274 , f=g+h= 18 , depth=  4
it= 310 , queue= 274 , f=g+h= 18 , depth=  6
it= 311 , queue= 274 , f=g+h= 18 , depth=  8
it= 312 , queue= 274 , f=g+h= 18 , depth=  8
it= 313 , queue= 275 , f=g+h= 18 , depth=  6
it= 314 , queue= 276 , f=g+h= 18 , depth=  8
it= 315 , queue= 277 , f=g+h= 18 , depth=  6
it= 316 , queue= 277 , f=g+h= 18 , depth=  3
it= 317 , queue= 276 , f=g+h= 18 , depth=  4
it= 318 , queue= 276 , f=g+h= 18 , depth=  6
it= 319 , queue= 278 , f=g+h= 17 , depth=  7
it= 320 , queue= 279 , f=g+h= 12 , depth=  8
it= 321 , queue= 278 , f=g+h= 17 , depth=  8
it= 322 , queue= 278 , f=g+h= 18 , depth=  8
it= 323 , queue= 279 , f=g+h= 18 , depth=  8
it= 324 , queue= 280 , f=g+h= 18 , depth=  5
it= 325 , queue= 281 , f=g+h= 18 , depth=  3
it= 326 , queue= 282 , f=g+h= 18 , depth=  4
it= 327 , queue= 283 , f=g+h= 18 , depth=  6
it= 328 , queue= 282 , f=g+h= 18 , depth=  8
it= 329 , queue= 283 , f=g+h= 18 , depth=  5
it= 330 , queue= 283 , f=g+h= 18 , depth=  6
it= 331 , queue= 284 , f=g+h= 18 , depth=  5
it= 332 , queue= 283 , f=g+h= 18 , depth=  6
it= 333 , queue= 283 , f=g+h= 18 , depth=  8
it= 334 , queue= 284 , f=g+h= 17 , depth=  9
it= 335 , queue= 285 , f=g+h= 17 , depth=  10
it= 336 , queue= 286 , f=g+h= 18 , depth=  5
it= 337 , queue= 287 , f=g+h= 18 , depth=  6
it= 338 , queue= 286 , f=g+h= 18 , depth=  4
it= 339 , queue= 287 , f=g+h= 18 , depth=  6
it= 340 , queue= 286 , f=g+h= 18 , depth=  7
it= 341 , queue= 287 , f=g+h= 18 , depth=  2
it= 342 , queue= 288 , f=g+h= 17 , depth=  3
it= 343 , queue= 289 , f=g+h= 16 , depth=  4
it= 344 , queue= 290 , f=g+h= 13 , depth=  5
it= 345 , queue= 291 , f=g+h= 13 , depth=  6
it= 346 , queue= 292 , f=g+h= 16 , depth=  6
it= 347 , queue= 291 , f=g+h= 17 , depth=  4
it= 348 , queue= 293 , f=g+h= 15 , depth=  5
it= 349 , queue= 296 , f=g+h= 16 , depth=  6
it= 350 , queue= 297 , f=g+h= 16 , depth=  6
it= 351 , queue= 298 , f=g+h= 16 , depth=  6
it= 352 , queue= 299 , f=g+h= 16 , depth=  7
it= 353 , queue= 300 , f=g+h= 16 , depth=  8
it= 354 , queue= 301 , f=g+h= 17 , depth=  5
it= 355 , queue= 303 , f=g+h= 17 , depth=  7
it= 356 , queue= 304 , f=g+h= 17 , depth=  5
it= 357 , queue= 307 , f=g+h= 17 , depth=  6
it= 358 , queue= 308 , f=g+h= 18 , depth=  4
it= 359 , queue= 308 , f=g+h= 18 , depth=  6
it= 360 , queue= 307 , f=g+h= 18 , depth=  4
it= 361 , queue= 308 , f=g+h= 18 , depth=  6
it= 362 , queue= 311 , f=g+h= 18 , depth=  6
it= 363 , queue= 311 , f=g+h= 16 , depth=  7
it= 364 , queue= 312 , f=g+h= 14 , depth=  8
it= 365 , queue= 311 , f=g+h= 18 , depth=  4
it= 366 , queue= 310 , f=g+h= 18 , depth=  4
it= 367 , queue= 311 , f=g+h= 18 , depth=  6
it= 368 , queue= 313 , f=g+h= 18 , depth=  4
it= 369 , queue= 315 , f=g+h= 17 , depth=  5
it= 370 , queue= 316 , f=g+h= 16 , depth=  6
it= 371 , queue= 317 , f=g+h= 17 , depth=  7
it= 372 , queue= 318 , f=g+h= 17 , depth=  7
it= 373 , queue= 321 , f=g+h= 17 , depth=  8
it= 374 , queue= 322 , f=g+h= 17 , depth=  9
it= 375 , queue= 323 , f=g+h= 18 , depth=  4
it= 376 , queue= 323 , f=g+h= 18 , depth=  5
it= 377 , queue= 324 , f=g+h= 16 , depth=  6
it= 378 , queue= 325 , f=g+h= 17 , depth=  7
it= 379 , queue= 326 , f=g+h= 17 , depth=  7
it= 380 , queue= 329 , f=g+h= 17 , depth=  8
it= 381 , queue= 330 , f=g+h= 17 , depth=  9
it= 382 , queue= 331 , f=g+h= 18 , depth=  5
it= 383 , queue= 332 , f=g+h= 18 , depth=  5
it= 384 , queue= 331 , f=g+h= 18 , depth=  7
it= 385 , queue= 332 , f=g+h= 18 , depth=  9
it= 386 , queue= 333 , f=g+h= 18 , depth=  8
it= 387 , queue= 335 , f=g+h= 18 , depth=  7
it= 388 , queue= 335 , f=g+h= 14 , depth=  8
it= 389 , queue= 334 , f=g+h= 18 , depth=  9
it= 390 , queue= 335 , f=g+h= 18 , depth=  6
it= 391 , queue= 338 , f=g+h= 17 , depth=  7
it= 392 , queue= 339 , f=g+h= 17 , depth=  8
it= 393 , queue= 340 , f=g+h= 18 , depth=  6
it= 394 , queue= 341 , f=g+h= 18 , depth=  7
it= 395 , queue= 342 , f=g+h= 18 , depth=  8
it= 396 , queue= 344 , f=g+h= 18 , depth=  9
it= 397 , queue= 345 , f=g+h= 18 , depth=  8
it= 398 , queue= 347 , f=g+h= 18 , depth=  8
it= 399 , queue= 348 , f=g+h= 18 , depth=  7
it= 400 , queue= 348 , f=g+h= 16 , depth=  8
it= 401 , queue= 347 , f=g+h= 18 , depth=  9
it= 402 , queue= 347 , f=g+h= 18 , depth=  7
it= 403 , queue= 347 , f=g+h= 18 , depth=  9
it= 404 , queue= 347 , f=g+h= 18 , depth=  6
it= 405 , queue= 347 , f=g+h= 18 , depth=  6
it= 406 , queue= 348 , f=g+h= 18 , depth=  8
it= 407 , queue= 349 , f=g+h= 18 , depth=  4
it= 408 , queue= 350 , f=g+h= 17 , depth=  5
it= 409 , queue= 351 , f=g+h= 14 , depth=  6
it= 410 , queue= 352 , f=g+h= 14 , depth=  7
it= 411 , queue= 353 , f=g+h= 17 , depth=  7
it= 412 , queue= 352 , f=g+h= 18 , depth=  6
it= 413 , queue= 353 , f=g+h= 18 , depth=  6
it= 414 , queue= 354 , f=g+h= 17 , depth=  7
it= 415 , queue= 355 , f=g+h= 18 , depth=  6
it= 416 , queue= 356 , f=g+h= 16 , depth=  7
it= 417 , queue= 357 , f=g+h= 16 , depth=  8
it= 418 , queue= 356 , f=g+h= 18 , depth=  6
it= 419 , queue= 357 , f=g+h= 18 , depth=  6
it= 420 , queue= 358 , f=g+h= 18 , depth=  4
it= 421 , queue= 360 , f=g+h= 17 , depth=  5
it= 422 , queue= 361 , f=g+h= 16 , depth=  6
it= 423 , queue= 362 , f=g+h= 13 , depth=  7
it= 424 , queue= 363 , f=g+h= 13 , depth=  8
it= 425 , queue= 364 , f=g+h= 16 , depth=  8
it= 426 , queue= 363 , f=g+h= 17 , depth=  7
it= 427 , queue= 366 , f=g+h= 17 , depth=  9
it= 428 , queue= 367 , f=g+h= 18 , depth=  4
it= 429 , queue= 367 , f=g+h= 18 , depth=  10
it= 430 , queue= 366 , f=g+h= 18 , depth=  8
it= 431 , queue= 365 , f=g+h= 18 , depth=  7
it= 432 , queue= 366 , f=g+h= 18 , depth=  8
it= 433 , queue= 367 , f=g+h= 18 , depth=  9
it= 434 , queue= 368 , f=g+h= 18 , depth=  6
it= 435 , queue= 371 , f=g+h= 18 , depth=  6
it= 436 , queue= 372 , f=g+h= 18 , depth=  6
it= 437 , queue= 375 , f=g+h= 17 , depth=  7
it= 438 , queue= 376 , f=g+h= 16 , depth=  8
it= 439 , queue= 377 , f=g+h= 18 , depth=  6
it= 440 , queue= 378 , f=g+h= 16 , depth=  7
it= 441 , queue= 379 , f=g+h= 18 , depth=  5
it= 442 , queue= 380 , f=g+h= 16 , depth=  6
it= 443 , queue= 381 , f=g+h= 15 , depth=  7
it= 444 , queue= 382 , f=g+h= 17 , depth=  8
it= 445 , queue= 383 , f=g+h= 17 , depth=  9
it= 446 , queue= 384 , f=g+h= 18 , depth=  7
it= 447 , queue= 385 , f=g+h= 18 , depth=  8
it= 448 , queue= 385 , f=g+h= 18 , depth=  5
it= 449 , queue= 386 , f=g+h= 18 , depth=  8
it= 450 , queue= 387 , f=g+h= 18 , depth=  6
it= 451 , queue= 388 , f=g+h= 18 , depth=  8
it= 452 , queue= 389 , f=g+h= 18 , depth=  6
it= 453 , queue= 390 , f=g+h= 16 , depth=  7
it= 454 , queue= 389 , f=g+h= 18 , depth=  8
it= 455 , queue= 388 , f=g+h= 18 , depth=  10
it= 456 , queue= 387 , f=g+h= 18 , depth=  10
it= 457 , queue= 388 , f=g+h= 18 , depth=  5
it= 458 , queue= 388 , f=g+h= 18 , depth=  6
it= 459 , queue= 390 , f=g+h= 18 , depth=  8
it= 460 , queue= 391 , f=g+h= 18 , depth=  8
it= 461 , queue= 392 , f=g+h= 18 , depth=  8
it= 462 , queue= 393 , f=g+h= 18 , depth=  8
it= 463 , queue= 394 , f=g+h= 18 , depth=  8
it= 464 , queue= 395 , f=g+h= 18 , depth=  5
it= 465 , queue= 396 , f=g+h= 16 , depth=  6
it= 466 , queue= 397 , f=g+h= 15 , depth=  7
it= 467 , queue= 398 , f=g+h= 17 , depth=  8
it= 468 , queue= 398 , f=g+h= 18 , depth=  7
it= 469 , queue= 399 , f=g+h= 18 , depth=  9
it= 470 , queue= 400 , f=g+h= 18 , depth=  8
it= 471 , queue= 399 , f=g+h= 18 , depth=  8
it= 472 , queue= 400 , f=g+h= 18 , depth=  6
it= 473 , queue= 403 , f=g+h= 18 , depth=  8
it= 474 , queue= 403 , f=g+h= 16 , depth=  9
it= 475 , queue= 404 , f=g+h= 14 , depth=  10
it= 476 , queue= 403 , f=g+h= 18 , depth=  6
it= 477 , queue= 404 , f=g+h= 18 , depth=  11
it= 478 , queue= 403 , f=g+h= 18 , depth=  6
it= 479 , queue= 406 , f=g+h= 18 , depth=  9
it= 480 , queue= 407 , f=g+h= 18 , depth=  6
it= 481 , queue= 409 , f=g+h= 18 , depth=  8
it= 482 , queue= 410 , f=g+h= 16 , depth=  9
it= 483 , queue= 411 , f=g+h= 18 , depth=  10
it= 484 , queue= 412 , f=g+h= 16 , depth=  11
it= 485 , queue= 413 , f=g+h= 18 , depth=  7
it= 486 , queue= 414 , f=g+h= 18 , depth=  10
it= 487 , queue= 414 , f=g+h= 18 , depth=  10
it= 488 , queue= 415 , f=g+h= 18 , depth=  7
it= 489 , queue= 416 , f=g+h= 18 , depth=  10
it= 490 , queue= 415 , f=g+h= 18 , depth=  10
it= 491 , queue= 416 , f=g+h= 18 , depth=  12
it= 492 , queue= 415 , f=g+h= 18 , depth=  12
it= 493 , queue= 416 , f=g+h= 18 , depth=  8
it= 494 , queue= 417 , f=g+h= 18 , depth=  8
it= 495 , queue= 418 , f=g+h= 18 , depth=  9
it= 496 , queue= 419 , f=g+h= 19 , depth=  5
it= 497 , queue= 419 , f=g+h= 19 , depth=  5
it= 498 , queue= 418 , f=g+h= 19 , depth=  5
it= 499 , queue= 418 , f=g+h= 19 , depth=  2
it= 500 , queue= 418 , f=g+h= 19 , depth=  7
it= 501 , queue= 418 , f=g+h= 19 , depth=  7
it= 502 , queue= 418 , f=g+h= 19 , depth=  3
it= 503 , queue= 419 , f=g+h= 19 , depth=  6
it= 504 , queue= 419 , f=g+h= 19 , depth=  5
it= 505 , queue= 420 , f=g+h= 19 , depth=  7
it= 506 , queue= 421 , f=g+h= 19 , depth=  6
it= 507 , queue= 423 , f=g+h= 19 , depth=  6
it= 508 , queue= 424 , f=g+h= 19 , depth=  7
it= 509 , queue= 425 , f=g+h= 19 , depth=  5
it= 510 , queue= 426 , f=g+h= 19 , depth=  7
it= 511 , queue= 427 , f=g+h= 19 , depth=  4
it= 512 , queue= 426 , f=g+h= 19 , depth=  6
it= 513 , queue= 425 , f=g+h= 19 , depth=  8
it= 514 , queue= 424 , f=g+h= 19 , depth=  8
it= 515 , queue= 423 , f=g+h= 19 , depth=  6
it= 516 , queue= 422 , f=g+h= 19 , depth=  8
it= 517 , queue= 421 , f=g+h= 19 , depth=  5
it= 518 , queue= 421 , f=g+h= 19 , depth=  3
it= 519 , queue= 421 , f=g+h= 19 , depth=  5
it= 520 , queue= 422 , f=g+h= 19 , depth=  5
it= 521 , queue= 423 , f=g+h= 19 , depth=  5
it= 522 , queue= 424 , f=g+h= 19 , depth=  7
it= 523 , queue= 423 , f=g+h= 19 , depth=  7
it= 524 , queue= 424 , f=g+h= 19 , depth=  7
it= 525 , queue= 423 , f=g+h= 19 , depth=  7
it= 526 , queue= 423 , f=g+h= 19 , depth=  3
it= 527 , queue= 424 , f=g+h= 19 , depth=  6
it= 528 , queue= 424 , f=g+h= 19 , depth=  5
it= 529 , queue= 425 , f=g+h= 19 , depth=  7
it= 530 , queue= 424 , f=g+h= 19 , depth=  5
it= 531 , queue= 425 , f=g+h= 19 , depth=  7
it= 532 , queue= 426 , f=g+h= 19 , depth=  7
it= 533 , queue= 426 , f=g+h= 19 , depth=  5
it= 534 , queue= 427 , f=g+h= 19 , depth=  9
it= 535 , queue= 427 , f=g+h= 19 , depth=  5
it= 536 , queue= 429 , f=g+h= 18 , depth=  6
it= 537 , queue= 430 , f=g+h= 13 , depth=  7
it= 538 , queue= 429 , f=g+h= 18 , depth=  7
it= 539 , queue= 429 , f=g+h= 19 , depth=  5
it= 540 , queue= 428 , f=g+h= 19 , depth=  5
it= 541 , queue= 429 , f=g+h= 19 , depth=  5
it= 542 , queue= 431 , f=g+h= 18 , depth=  6
it= 543 , queue= 432 , f=g+h= 13 , depth=  7
it= 544 , queue= 431 , f=g+h= 18 , depth=  7
it= 545 , queue= 431 , f=g+h= 19 , depth=  7
it= 546 , queue= 431 , f=g+h= 19 , depth=  4
it= 547 , queue= 432 , f=g+h= 19 , depth=  5
it= 548 , queue= 433 , f=g+h= 19 , depth=  4
it= 549 , queue= 433 , f=g+h= 19 , depth=  4
it= 550 , queue= 433 , f=g+h= 17 , depth=  5
it= 551 , queue= 434 , f=g+h= 16 , depth=  6
it= 552 , queue= 435 , f=g+h= 18 , depth=  7
it= 553 , queue= 435 , f=g+h= 18 , depth=  8
it= 554 , queue= 436 , f=g+h= 16 , depth=  9
it= 555 , queue= 437 , f=g+h= 16 , depth=  10
it= 556 , queue= 436 , f=g+h= 18 , depth=  10
it= 557 , queue= 437 , f=g+h= 19 , depth=  6
it= 558 , queue= 438 , f=g+h= 19 , depth=  6
it= 559 , queue= 439 , f=g+h= 19 , depth=  5
it= 560 , queue= 438 , f=g+h= 19 , depth=  5
it= 561 , queue= 438 , f=g+h= 19 , depth=  5
it= 562 , queue= 437 , f=g+h= 19 , depth=  5
it= 563 , queue= 436 , f=g+h= 19 , depth=  7
it= 564 , queue= 437 , f=g+h= 19 , depth=  6
it= 565 , queue= 439 , f=g+h= 17 , depth=  7
it= 566 , queue= 439 , f=g+h= 14 , depth=  8
it= 567 , queue= 440 , f=g+h= 14 , depth=  9
it= 568 , queue= 441 , f=g+h= 15 , depth=  9
it= 569 , queue= 440 , f=g+h= 18 , depth=  10
it= 570 , queue= 441 , f=g+h= 19 , depth=  6
it= 571 , queue= 442 , f=g+h= 17 , depth=  7
it= 572 , queue= 443 , f=g+h= 14 , depth=  8
it= 573 , queue= 444 , f=g+h= 11 , depth=  9
it= 574 , queue= 443 , f=g+h= 14 , depth=  9
it= 575 , queue= 444 , f=g+h= 18 , depth=  8
it= 576 , queue= 445 , f=g+h= 14 , depth=  9
success! depth= 10 , total_goal_tests= 577 , max_queue_size= 445
solution path:
1 | B 
2 | C E 
3 | A D 

1 | B 
2 | C E D 
3 | A 

1 | 
2 | C E D B 
3 | A 

1 | A 
2 | C E D B 
3 | 

1 | A B 
2 | C E D 
3 | 

1 | A B 
2 | C E 
3 | D 

1 | A B 
2 | C 
3 | D E 

1 | A B C 
2 | 
3 | D E 

1 | A B C 
2 | E 
3 | D 

1 | A B C D 
2 | E 
3 | 

1 | A B C D E 
2 | 
3 | 

